{"E:\\fc-onboarding-app\\hooks\\use-color-scheme.ts": {"path":"E:\\fc-onboarding-app\\hooks\\use-color-scheme.ts","statementMap":{"0":{"start":{"line":1,"column":0},"end":{"line":1,"column":9}},"1":{"start":{"line":1,"column":9},"end":{"line":1,"column":46}}},"fnMap":{"0":{"name":"(anonymous_0)","decl":{"start":{"line":1,"column":9},"end":{"line":1,"column":23}},"loc":{"start":{"line":1,"column":9},"end":{"line":1,"column":46}}}},"branchMap":{},"s":{"0":0,"1":0},"f":{"0":0},"b":{}}
,"E:\\fc-onboarding-app\\hooks\\use-color-scheme.web.ts": {"path":"E:\\fc-onboarding-app\\hooks\\use-color-scheme.web.ts","statementMap":{"0":{"start":{"line":7,"column":0},"end":{"line":7,"column":16}},"1":{"start":{"line":1,"column":0},"end":{"line":1,"column":44}},"2":{"start":{"line":2,"column":0},"end":{"line":2,"column":66}},"3":{"start":{"line":8,"column":40},"end":{"line":8,"column":55}},"4":{"start":{"line":10,"column":2},"end":{"line":12,"column":9}},"5":{"start":{"line":11,"column":4},"end":{"line":11,"column":25}},"6":{"start":{"line":14,"column":22},"end":{"line":14,"column":40}},"7":{"start":{"line":16,"column":2},"end":{"line":18,"column":3}},"8":{"start":{"line":17,"column":4},"end":{"line":17,"column":23}},"9":{"start":{"line":20,"column":2},"end":{"line":20,"column":17}}},"fnMap":{"0":{"name":"useColorScheme","decl":{"start":{"line":7,"column":16},"end":{"line":7,"column":30}},"loc":{"start":{"line":7,"column":30},"end":{"line":21,"column":1}}},"1":{"name":"(anonymous_1)","decl":{"start":{"line":10,"column":12},"end":{"line":10,"column":15}},"loc":{"start":{"line":10,"column":17},"end":{"line":12,"column":3}}}},"branchMap":{"0":{"loc":{"start":{"line":16,"column":2},"end":{"line":18,"column":3}},"type":"if","locations":[{"start":{"line":16,"column":2},"end":{"line":18,"column":3}},{"start":{},"end":{}}]}},"s":{"0":0,"1":0,"2":0,"3":0,"4":0,"5":0,"6":0,"7":0,"8":0,"9":0},"f":{"0":0,"1":0},"b":{"0":[0,0]}}
,"E:\\fc-onboarding-app\\hooks\\use-dashboard-data.ts": {"path":"E:\\fc-onboarding-app\\hooks\\use-dashboard-data.ts","statementMap":{"0":{"start":{"line":52,"column":0},"end":{"line":52,"column":16}},"1":{"start":{"line":66,"column":0},"end":{"line":66,"column":16}},"2":{"start":{"line":85,"column":0},"end":{"line":85,"column":16}},"3":{"start":{"line":104,"column":0},"end":{"line":104,"column":16}},"4":{"start":{"line":123,"column":0},"end":{"line":123,"column":16}},"5":{"start":{"line":143,"column":0},"end":{"line":143,"column":16}},"6":{"start":{"line":165,"column":0},"end":{"line":165,"column":16}},"7":{"start":{"line":1,"column":0},"end":{"line":1,"column":78}},"8":{"start":{"line":2,"column":0},"end":{"line":2,"column":42}},"9":{"start":{"line":15,"column":24},"end":{"line":50,"column":1}},"10":{"start":{"line":20,"column":14},"end":{"line":25,"column":46}},"11":{"start":{"line":27,"column":2},"end":{"line":29,"column":3}},"12":{"start":{"line":28,"column":4},"end":{"line":28,"column":42}},"13":{"start":{"line":30,"column":2},"end":{"line":34,"column":3}},"14":{"start":{"line":31,"column":4},"end":{"line":33,"column":6}},"15":{"start":{"line":36,"column":26},"end":{"line":36,"column":37}},"16":{"start":{"line":37,"column":2},"end":{"line":48,"column":3}},"17":{"start":{"line":38,"column":4},"end":{"line":46,"column":7}},"18":{"start":{"line":47,"column":4},"end":{"line":47,"column":16}},"19":{"start":{"line":49,"column":2},"end":{"line":49,"column":25}},"20":{"start":{"line":15,"column":13},"end":{"line":15,"column":24}},"21":{"start":{"line":58,"column":2},"end":{"line":62,"column":5}},"22":{"start":{"line":60,"column":19},"end":{"line":60,"column":54}},"23":{"start":{"line":67,"column":22},"end":{"line":67,"column":38}},"24":{"start":{"line":69,"column":2},"end":{"line":81,"column":5}},"25":{"start":{"line":71,"column":24},"end":{"line":74,"column":23}},"26":{"start":{"line":76,"column":6},"end":{"line":76,"column":29}},"27":{"start":{"line":76,"column":17},"end":{"line":76,"column":29}},"28":{"start":{"line":79,"column":6},"end":{"line":79,"column":67}},"29":{"start":{"line":86,"column":22},"end":{"line":86,"column":38}},"30":{"start":{"line":88,"column":2},"end":{"line":100,"column":5}},"31":{"start":{"line":90,"column":24},"end":{"line":93,"column":23}},"32":{"start":{"line":95,"column":6},"end":{"line":95,"column":29}},"33":{"start":{"line":95,"column":17},"end":{"line":95,"column":29}},"34":{"start":{"line":98,"column":6},"end":{"line":98,"column":67}},"35":{"start":{"line":105,"column":22},"end":{"line":105,"column":38}},"36":{"start":{"line":107,"column":2},"end":{"line":119,"column":5}},"37":{"start":{"line":109,"column":24},"end":{"line":112,"column":23}},"38":{"start":{"line":114,"column":6},"end":{"line":114,"column":29}},"39":{"start":{"line":114,"column":17},"end":{"line":114,"column":29}},"40":{"start":{"line":117,"column":6},"end":{"line":117,"column":67}},"41":{"start":{"line":124,"column":22},"end":{"line":124,"column":38}},"42":{"start":{"line":126,"column":2},"end":{"line":139,"column":5}},"43":{"start":{"line":128,"column":21},"end":{"line":128,"column":75}},"44":{"start":{"line":129,"column":24},"end":{"line":132,"column":23}},"45":{"start":{"line":134,"column":6},"end":{"line":134,"column":29}},"46":{"start":{"line":134,"column":17},"end":{"line":134,"column":29}},"47":{"start":{"line":137,"column":6},"end":{"line":137,"column":67}},"48":{"start":{"line":144,"column":22},"end":{"line":144,"column":38}},"49":{"start":{"line":146,"column":2},"end":{"line":161,"column":5}},"50":{"start":{"line":148,"column":24},"end":{"line":154,"column":23}},"51":{"start":{"line":156,"column":6},"end":{"line":156,"column":29}},"52":{"start":{"line":156,"column":17},"end":{"line":156,"column":29}},"53":{"start":{"line":159,"column":6},"end":{"line":159,"column":67}},"54":{"start":{"line":166,"column":22},"end":{"line":166,"column":38}},"55":{"start":{"line":168,"column":2},"end":{"line":180,"column":5}},"56":{"start":{"line":170,"column":24},"end":{"line":173,"column":23}},"57":{"start":{"line":175,"column":6},"end":{"line":175,"column":29}},"58":{"start":{"line":175,"column":17},"end":{"line":175,"column":29}},"59":{"start":{"line":178,"column":6},"end":{"line":178,"column":67}}},"fnMap":{"0":{"name":"(anonymous_0)","decl":{"start":{"line":15,"column":24},"end":{"line":15,"column":29}},"loc":{"start":{"line":19,"column":22},"end":{"line":50,"column":1}}},"1":{"name":"useDashboardData","decl":{"start":{"line":52,"column":16},"end":{"line":52,"column":32}},"loc":{"start":{"line":56,"column":25},"end":{"line":63,"column":1}}},"2":{"name":"(anonymous_2)","decl":{"start":{"line":60,"column":13},"end":{"line":60,"column":16}},"loc":{"start":{"line":60,"column":19},"end":{"line":60,"column":54}}},"3":{"name":"useUpdateTempId","decl":{"start":{"line":66,"column":16},"end":{"line":66,"column":31}},"loc":{"start":{"line":66,"column":31},"end":{"line":82,"column":1}}},"4":{"name":"(anonymous_4)","decl":{"start":{"line":70,"column":16},"end":{"line":70,"column":21}},"loc":{"start":{"line":70,"column":77},"end":{"line":77,"column":5}}},"5":{"name":"(anonymous_5)","decl":{"start":{"line":78,"column":15},"end":{"line":78,"column":18}},"loc":{"start":{"line":78,"column":20},"end":{"line":80,"column":5}}},"6":{"name":"useUpdateCareerType","decl":{"start":{"line":85,"column":16},"end":{"line":85,"column":35}},"loc":{"start":{"line":85,"column":35},"end":{"line":101,"column":1}}},"7":{"name":"(anonymous_7)","decl":{"start":{"line":89,"column":16},"end":{"line":89,"column":21}},"loc":{"start":{"line":89,"column":90},"end":{"line":96,"column":5}}},"8":{"name":"(anonymous_8)","decl":{"start":{"line":97,"column":15},"end":{"line":97,"column":18}},"loc":{"start":{"line":97,"column":20},"end":{"line":99,"column":5}}},"9":{"name":"useUpdateDocDeadline","decl":{"start":{"line":104,"column":16},"end":{"line":104,"column":36}},"loc":{"start":{"line":104,"column":36},"end":{"line":120,"column":1}}},"10":{"name":"(anonymous_10)","decl":{"start":{"line":108,"column":16},"end":{"line":108,"column":21}},"loc":{"start":{"line":108,"column":88},"end":{"line":115,"column":5}}},"11":{"name":"(anonymous_11)","decl":{"start":{"line":116,"column":15},"end":{"line":116,"column":18}},"loc":{"start":{"line":116,"column":20},"end":{"line":118,"column":5}}},"12":{"name":"useUpdateAllowanceDate","decl":{"start":{"line":123,"column":16},"end":{"line":123,"column":38}},"loc":{"start":{"line":123,"column":38},"end":{"line":140,"column":1}}},"13":{"name":"(anonymous_13)","decl":{"start":{"line":127,"column":16},"end":{"line":127,"column":21}},"loc":{"start":{"line":127,"column":102},"end":{"line":135,"column":5}}},"14":{"name":"(anonymous_14)","decl":{"start":{"line":136,"column":15},"end":{"line":136,"column":18}},"loc":{"start":{"line":136,"column":20},"end":{"line":138,"column":5}}},"15":{"name":"useRejectAllowance","decl":{"start":{"line":143,"column":16},"end":{"line":143,"column":34}},"loc":{"start":{"line":143,"column":34},"end":{"line":162,"column":1}}},"16":{"name":"(anonymous_16)","decl":{"start":{"line":147,"column":16},"end":{"line":147,"column":21}},"loc":{"start":{"line":147,"column":77},"end":{"line":157,"column":5}}},"17":{"name":"(anonymous_17)","decl":{"start":{"line":158,"column":15},"end":{"line":158,"column":18}},"loc":{"start":{"line":158,"column":20},"end":{"line":160,"column":5}}},"18":{"name":"useDeleteFC","decl":{"start":{"line":165,"column":16},"end":{"line":165,"column":27}},"loc":{"start":{"line":165,"column":27},"end":{"line":181,"column":1}}},"19":{"name":"(anonymous_19)","decl":{"start":{"line":169,"column":16},"end":{"line":169,"column":21}},"loc":{"start":{"line":169,"column":39},"end":{"line":176,"column":5}}},"20":{"name":"(anonymous_20)","decl":{"start":{"line":177,"column":15},"end":{"line":177,"column":18}},"loc":{"start":{"line":177,"column":20},"end":{"line":179,"column":5}}}},"branchMap":{"0":{"loc":{"start":{"line":27,"column":2},"end":{"line":29,"column":3}},"type":"if","locations":[{"start":{"line":27,"column":2},"end":{"line":29,"column":3}},{"start":{},"end":{}}]},"1":{"loc":{"start":{"line":27,"column":6},"end":{"line":27,"column":33}},"type":"binary-expr","locations":[{"start":{"line":27,"column":6},"end":{"line":27,"column":19}},{"start":{"line":27,"column":23},"end":{"line":27,"column":33}}]},"2":{"loc":{"start":{"line":30,"column":2},"end":{"line":34,"column":3}},"type":"if","locations":[{"start":{"line":30,"column":2},"end":{"line":34,"column":3}},{"start":{},"end":{}}]},"3":{"loc":{"start":{"line":37,"column":2},"end":{"line":48,"column":3}},"type":"if","locations":[{"start":{"line":37,"column":2},"end":{"line":48,"column":3}},{"start":{},"end":{}}]},"4":{"loc":{"start":{"line":56,"column":2},"end":{"line":56,"column":25}},"type":"default-arg","locations":[{"start":{"line":56,"column":21},"end":{"line":56,"column":25}}]},"5":{"loc":{"start":{"line":76,"column":6},"end":{"line":76,"column":29}},"type":"if","locations":[{"start":{"line":76,"column":6},"end":{"line":76,"column":29}},{"start":{},"end":{}}]},"6":{"loc":{"start":{"line":95,"column":6},"end":{"line":95,"column":29}},"type":"if","locations":[{"start":{"line":95,"column":6},"end":{"line":95,"column":29}},{"start":{},"end":{}}]},"7":{"loc":{"start":{"line":114,"column":6},"end":{"line":114,"column":29}},"type":"if","locations":[{"start":{"line":114,"column":6},"end":{"line":114,"column":29}},{"start":{},"end":{}}]},"8":{"loc":{"start":{"line":128,"column":21},"end":{"line":128,"column":75}},"type":"cond-expr","locations":[{"start":{"line":128,"column":32},"end":{"line":128,"column":53}},{"start":{"line":128,"column":56},"end":{"line":128,"column":75}}]},"9":{"loc":{"start":{"line":134,"column":6},"end":{"line":134,"column":29}},"type":"if","locations":[{"start":{"line":134,"column":6},"end":{"line":134,"column":29}},{"start":{},"end":{}}]},"10":{"loc":{"start":{"line":156,"column":6},"end":{"line":156,"column":29}},"type":"if","locations":[{"start":{"line":156,"column":6},"end":{"line":156,"column":29}},{"start":{},"end":{}}]},"11":{"loc":{"start":{"line":175,"column":6},"end":{"line":175,"column":29}},"type":"if","locations":[{"start":{"line":175,"column":6},"end":{"line":175,"column":29}},{"start":{},"end":{}}]}},"s":{"0":0,"1":0,"2":0,"3":0,"4":0,"5":0,"6":0,"7":0,"8":0,"9":0,"10":0,"11":0,"12":0,"13":0,"14":0,"15":0,"16":0,"17":0,"18":0,"19":0,"20":0,"21":0,"22":0,"23":0,"24":0,"25":0,"26":0,"27":0,"28":0,"29":0,"30":0,"31":0,"32":0,"33":0,"34":0,"35":0,"36":0,"37":0,"38":0,"39":0,"40":0,"41":0,"42":0,"43":0,"44":0,"45":0,"46":0,"47":0,"48":0,"49":0,"50":0,"51":0,"52":0,"53":0,"54":0,"55":0,"56":0,"57":0,"58":0,"59":0},"f":{"0":0,"1":0,"2":0,"3":0,"4":0,"5":0,"6":0,"7":0,"8":0,"9":0,"10":0,"11":0,"12":0,"13":0,"14":0,"15":0,"16":0,"17":0,"18":0,"19":0,"20":0},"b":{"0":[0,0],"1":[0,0],"2":[0,0],"3":[0,0],"4":[0],"5":[0,0],"6":[0,0],"7":[0,0],"8":[0,0],"9":[0,0],"10":[0,0],"11":[0,0]}}
,"E:\\fc-onboarding-app\\hooks\\use-identity-gate.ts": {"path":"E:\\fc-onboarding-app\\hooks\\use-identity-gate.ts","statementMap":{"0":{"start":{"line":11,"column":0},"end":{"line":11,"column":16}},"1":{"start":{"line":1,"column":0},"end":{"line":1,"column":34}},"2":{"start":{"line":2,"column":0},"end":{"line":2,"column":50}},"3":{"start":{"line":3,"column":0},"end":{"line":3,"column":49}},"4":{"start":{"line":4,"column":0},"end":{"line":4,"column":64}},"5":{"start":{"line":12,"column":39},"end":{"line":12,"column":46}},"6":{"start":{"line":13,"column":19},"end":{"line":13,"column":32}},"7":{"start":{"line":14,"column":41},"end":{"line":14,"column":53}},"8":{"start":{"line":15,"column":30},"end":{"line":15,"column":49}},"9":{"start":{"line":17,"column":2},"end":{"line":31,"column":81}},"10":{"start":{"line":18,"column":4},"end":{"line":18,"column":25}},"11":{"start":{"line":18,"column":18},"end":{"line":18,"column":25}},"12":{"start":{"line":19,"column":4},"end":{"line":19,"column":26}},"13":{"start":{"line":19,"column":19},"end":{"line":19,"column":26}},"14":{"start":{"line":20,"column":4},"end":{"line":20,"column":30}},"15":{"start":{"line":20,"column":23},"end":{"line":20,"column":30}},"16":{"start":{"line":21,"column":4},"end":{"line":24,"column":5}},"17":{"start":{"line":22,"column":6},"end":{"line":22,"column":30}},"18":{"start":{"line":23,"column":6},"end":{"line":23,"column":13}},"19":{"start":{"line":25,"column":4},"end":{"line":30,"column":5}},"20":{"start":{"line":26,"column":6},"end":{"line":29,"column":16}},"21":{"start":{"line":33,"column":2},"end":{"line":33,"column":39}}},"fnMap":{"0":{"name":"useIdentityGate","decl":{"start":{"line":11,"column":16},"end":{"line":11,"column":31}},"loc":{"start":{"line":11,"column":57},"end":{"line":34,"column":1}}},"1":{"name":"(anonymous_1)","decl":{"start":{"line":17,"column":12},"end":{"line":17,"column":15}},"loc":{"start":{"line":17,"column":17},"end":{"line":31,"column":3}}}},"branchMap":{"0":{"loc":{"start":{"line":11,"column":32},"end":{"line":11,"column":57}},"type":"default-arg","locations":[{"start":{"line":11,"column":55},"end":{"line":11,"column":57}}]},"1":{"loc":{"start":{"line":12,"column":20},"end":{"line":12,"column":34}},"type":"default-arg","locations":[{"start":{"line":12,"column":30},"end":{"line":12,"column":34}}]},"2":{"loc":{"start":{"line":18,"column":4},"end":{"line":18,"column":25}},"type":"if","locations":[{"start":{"line":18,"column":4},"end":{"line":18,"column":25}},{"start":{},"end":{}}]},"3":{"loc":{"start":{"line":19,"column":4},"end":{"line":19,"column":26}},"type":"if","locations":[{"start":{"line":19,"column":4},"end":{"line":19,"column":26}},{"start":{},"end":{}}]},"4":{"loc":{"start":{"line":20,"column":4},"end":{"line":20,"column":30}},"type":"if","locations":[{"start":{"line":20,"column":4},"end":{"line":20,"column":30}},{"start":{},"end":{}}]},"5":{"loc":{"start":{"line":21,"column":4},"end":{"line":24,"column":5}},"type":"if","locations":[{"start":{"line":21,"column":4},"end":{"line":24,"column":5}},{"start":{},"end":{}}]},"6":{"loc":{"start":{"line":25,"column":4},"end":{"line":30,"column":5}},"type":"if","locations":[{"start":{"line":25,"column":4},"end":{"line":30,"column":5}},{"start":{},"end":{}}]},"7":{"loc":{"start":{"line":25,"column":8},"end":{"line":25,"column":56}},"type":"binary-expr","locations":[{"start":{"line":25,"column":8},"end":{"line":25,"column":18}},{"start":{"line":25,"column":23},"end":{"line":25,"column":28}},{"start":{"line":25,"column":32},"end":{"line":25,"column":55}}]},"8":{"loc":{"start":{"line":28,"column":24},"end":{"line":28,"column":51}},"type":"binary-expr","locations":[{"start":{"line":28,"column":24},"end":{"line":28,"column":32}},{"start":{"line":28,"column":36},"end":{"line":28,"column":44}},{"start":{"line":28,"column":48},"end":{"line":28,"column":51}}]}},"s":{"0":0,"1":0,"2":0,"3":0,"4":0,"5":0,"6":0,"7":0,"8":0,"9":0,"10":0,"11":0,"12":0,"13":0,"14":0,"15":0,"16":0,"17":0,"18":0,"19":0,"20":0,"21":0},"f":{"0":0,"1":0},"b":{"0":[0],"1":[0],"2":[0,0],"3":[0,0],"4":[0,0],"5":[0,0],"6":[0,0],"7":[0,0,0],"8":[0,0,0]}}
,"E:\\fc-onboarding-app\\hooks\\use-identity-status.ts": {"path":"E:\\fc-onboarding-app\\hooks\\use-identity-status.ts","statementMap":{"0":{"start":{"line":16,"column":0},"end":{"line":16,"column":7}},"1":{"start":{"line":35,"column":0},"end":{"line":35,"column":16}},"2":{"start":{"line":1,"column":0},"end":{"line":1,"column":49}},"3":{"start":{"line":2,"column":0},"end":{"line":2,"column":42}},"4":{"start":{"line":3,"column":0},"end":{"line":3,"column":49}},"5":{"start":{"line":13,"column":35},"end":{"line":14,"column":86}},"6":{"start":{"line":14,"column":2},"end":{"line":14,"column":86}},"7":{"start":{"line":17,"column":26},"end":{"line":21,"column":13}},"8":{"start":{"line":23,"column":2},"end":{"line":23,"column":25}},"9":{"start":{"line":23,"column":13},"end":{"line":23,"column":25}},"10":{"start":{"line":25,"column":14},"end":{"line":25,"column":23}},"11":{"start":{"line":26,"column":2},"end":{"line":32,"column":4}},"12":{"start":{"line":36,"column":41},"end":{"line":36,"column":53}},"13":{"start":{"line":37,"column":18},"end":{"line":37,"column":59}},"14":{"start":{"line":39,"column":2},"end":{"line":43,"column":5}},"15":{"start":{"line":41,"column":19},"end":{"line":41,"column":56}}},"fnMap":{"0":{"name":"(anonymous_0)","decl":{"start":{"line":13,"column":35},"end":{"line":13,"column":36}},"loc":{"start":{"line":14,"column":2},"end":{"line":14,"column":86}}},"1":{"name":"fetchIdentityStatus","decl":{"start":{"line":16,"column":22},"end":{"line":16,"column":41}},"loc":{"start":{"line":16,"column":60},"end":{"line":33,"column":1}}},"2":{"name":"useIdentityStatus","decl":{"start":{"line":35,"column":16},"end":{"line":35,"column":33}},"loc":{"start":{"line":35,"column":33},"end":{"line":44,"column":1}}},"3":{"name":"(anonymous_3)","decl":{"start":{"line":41,"column":13},"end":{"line":41,"column":16}},"loc":{"start":{"line":41,"column":19},"end":{"line":41,"column":56}}}},"branchMap":{"0":{"loc":{"start":{"line":14,"column":2},"end":{"line":14,"column":86}},"type":"binary-expr","locations":[{"start":{"line":14,"column":2},"end":{"line":14,"column":34}},{"start":{"line":14,"column":38},"end":{"line":14,"column":86}}]},"1":{"loc":{"start":{"line":14,"column":46},"end":{"line":14,"column":85}},"type":"binary-expr","locations":[{"start":{"line":14,"column":46},"end":{"line":14,"column":69}},{"start":{"line":14,"column":73},"end":{"line":14,"column":85}}]},"2":{"loc":{"start":{"line":23,"column":2},"end":{"line":23,"column":25}},"type":"if","locations":[{"start":{"line":23,"column":2},"end":{"line":23,"column":25}},{"start":{},"end":{}}]},"3":{"loc":{"start":{"line":27,"column":10},"end":{"line":27,"column":25}},"type":"binary-expr","locations":[{"start":{"line":27,"column":10},"end":{"line":27,"column":17}},{"start":{"line":27,"column":21},"end":{"line":27,"column":25}}]},"4":{"loc":{"start":{"line":29,"column":20},"end":{"line":29,"column":51}},"type":"binary-expr","locations":[{"start":{"line":29,"column":20},"end":{"line":29,"column":43}},{"start":{"line":29,"column":47},"end":{"line":29,"column":51}}]},"5":{"loc":{"start":{"line":30,"column":13},"end":{"line":30,"column":33}},"type":"binary-expr","locations":[{"start":{"line":30,"column":13},"end":{"line":30,"column":25}},{"start":{"line":30,"column":29},"end":{"line":30,"column":33}}]},"6":{"loc":{"start":{"line":31,"column":10},"end":{"line":31,"column":27}},"type":"binary-expr","locations":[{"start":{"line":31,"column":10},"end":{"line":31,"column":19}},{"start":{"line":31,"column":23},"end":{"line":31,"column":27}}]},"7":{"loc":{"start":{"line":37,"column":18},"end":{"line":37,"column":59}},"type":"binary-expr","locations":[{"start":{"line":37,"column":18},"end":{"line":37,"column":26}},{"start":{"line":37,"column":30},"end":{"line":37,"column":43}},{"start":{"line":37,"column":47},"end":{"line":37,"column":59}}]},"8":{"loc":{"start":{"line":41,"column":39},"end":{"line":41,"column":55}},"type":"binary-expr","locations":[{"start":{"line":41,"column":39},"end":{"line":41,"column":49}},{"start":{"line":41,"column":53},"end":{"line":41,"column":55}}]}},"s":{"0":0,"1":0,"2":0,"3":0,"4":0,"5":0,"6":0,"7":0,"8":0,"9":0,"10":0,"11":0,"12":0,"13":0,"14":0,"15":0},"f":{"0":0,"1":0,"2":0,"3":0},"b":{"0":[0,0],"1":[0,0],"2":[0,0],"3":[0,0],"4":[0,0],"5":[0,0],"6":[0,0],"7":[0,0,0],"8":[0,0]}}
,"E:\\fc-onboarding-app\\hooks\\use-keyboard-padding.ts": {"path":"E:\\fc-onboarding-app\\hooks\\use-keyboard-padding.ts","statementMap":{"0":{"start":{"line":7,"column":0},"end":{"line":7,"column":16}},"1":{"start":{"line":1,"column":0},"end":{"line":1,"column":44}},"2":{"start":{"line":2,"column":0},"end":{"line":2,"column":65}},"3":{"start":{"line":8,"column":32},"end":{"line":8,"column":43}},"4":{"start":{"line":10,"column":2},"end":{"line":23,"column":9}},"5":{"start":{"line":11,"column":17},"end":{"line":13,"column":null}},"6":{"start":{"line":13,"column":32},"end":{"line":13,"column":71}},"7":{"start":{"line":15,"column":17},"end":{"line":17,"column":null}},"8":{"start":{"line":17,"column":12},"end":{"line":17,"column":25}},"9":{"start":{"line":19,"column":4},"end":{"line":22,"column":6}},"10":{"start":{"line":20,"column":6},"end":{"line":20,"column":20}},"11":{"start":{"line":21,"column":6},"end":{"line":21,"column":20}},"12":{"start":{"line":25,"column":2},"end":{"line":25,"column":17}}},"fnMap":{"0":{"name":"useKeyboardPadding","decl":{"start":{"line":7,"column":16},"end":{"line":7,"column":34}},"loc":{"start":{"line":7,"column":34},"end":{"line":26,"column":1}}},"1":{"name":"(anonymous_1)","decl":{"start":{"line":10,"column":12},"end":{"line":10,"column":15}},"loc":{"start":{"line":10,"column":17},"end":{"line":23,"column":3}}},"2":{"name":"(anonymous_2)","decl":{"start":{"line":13,"column":6},"end":{"line":13,"column":7}},"loc":{"start":{"line":13,"column":32},"end":{"line":13,"column":71}}},"3":{"name":"(anonymous_3)","decl":{"start":{"line":17,"column":6},"end":{"line":17,"column":9}},"loc":{"start":{"line":17,"column":12},"end":{"line":17,"column":25}}},"4":{"name":"(anonymous_4)","decl":{"start":{"line":19,"column":11},"end":{"line":19,"column":14}},"loc":{"start":{"line":19,"column":16},"end":{"line":22,"column":5}}}},"branchMap":{"0":{"loc":{"start":{"line":12,"column":6},"end":{"line":12,"column":72}},"type":"cond-expr","locations":[{"start":{"line":12,"column":34},"end":{"line":12,"column":51}},{"start":{"line":12,"column":54},"end":{"line":12,"column":72}}]},"1":{"loc":{"start":{"line":16,"column":6},"end":{"line":16,"column":72}},"type":"cond-expr","locations":[{"start":{"line":16,"column":34},"end":{"line":16,"column":51}},{"start":{"line":16,"column":54},"end":{"line":16,"column":72}}]}},"s":{"0":0,"1":0,"2":0,"3":0,"4":0,"5":0,"6":0,"7":0,"8":0,"9":0,"10":0,"11":0,"12":0},"f":{"0":0,"1":0,"2":0,"3":0,"4":0},"b":{"0":[0,0],"1":[0,0]}}
,"E:\\fc-onboarding-app\\hooks\\use-login.ts": {"path":"E:\\fc-onboarding-app\\hooks\\use-login.ts","statementMap":{"0":{"start":{"line":23,"column":0},"end":{"line":23,"column":16}},"1":{"start":{"line":1,"column":0},"end":{"line":1,"column":33}},"2":{"start":{"line":2,"column":0},"end":{"line":2,"column":47}},"3":{"start":{"line":3,"column":0},"end":{"line":3,"column":40}},"4":{"start":{"line":4,"column":0},"end":{"line":4,"column":37}},"5":{"start":{"line":5,"column":0},"end":{"line":5,"column":49}},"6":{"start":{"line":6,"column":0},"end":{"line":6,"column":42}},"7":{"start":{"line":7,"column":0},"end":{"line":7,"column":83}},"8":{"start":{"line":24,"column":22},"end":{"line":24,"column":34}},"9":{"start":{"line":25,"column":32},"end":{"line":25,"column":47}},"10":{"start":{"line":27,"column":16},"end":{"line":99,"column":3}},"11":{"start":{"line":28,"column":4},"end":{"line":28,"column":23}},"12":{"start":{"line":31,"column":28},"end":{"line":31,"column":53}},"13":{"start":{"line":32,"column":4},"end":{"line":35,"column":5}},"14":{"start":{"line":33,"column":6},"end":{"line":33,"column":47}},"15":{"start":{"line":34,"column":6},"end":{"line":34,"column":13}},"16":{"start":{"line":37,"column":31},"end":{"line":37,"column":70}},"17":{"start":{"line":38,"column":4},"end":{"line":41,"column":5}},"18":{"start":{"line":39,"column":6},"end":{"line":39,"column":50}},"19":{"start":{"line":40,"column":6},"end":{"line":40,"column":13}},"20":{"start":{"line":43,"column":19},"end":{"line":43,"column":45}},"21":{"start":{"line":45,"column":4},"end":{"line":45,"column":29}},"22":{"start":{"line":46,"column":4},"end":{"line":46,"column":21}},"23":{"start":{"line":48,"column":4},"end":{"line":98,"column":5}},"24":{"start":{"line":49,"column":30},"end":{"line":51,"column":8}},"25":{"start":{"line":53,"column":6},"end":{"line":60,"column":7}},"26":{"start":{"line":54,"column":29},"end":{"line":54,"column":94}},"27":{"start":{"line":55,"column":8},"end":{"line":55,"column":44}},"28":{"start":{"line":56,"column":8},"end":{"line":58,"column":9}},"29":{"start":{"line":57,"column":10},"end":{"line":57,"column":84}},"30":{"start":{"line":59,"column":8},"end":{"line":59,"column":15}},"31":{"start":{"line":62,"column":6},"end":{"line":77,"column":7}},"32":{"start":{"line":64,"column":8},"end":{"line":72,"column":9}},"33":{"start":{"line":69,"column":10},"end":{"line":69,"column":60}},"34":{"start":{"line":70,"column":10},"end":{"line":70,"column":36}},"35":{"start":{"line":71,"column":10},"end":{"line":71,"column":17}},"36":{"start":{"line":75,"column":8},"end":{"line":75,"column":73}},"37":{"start":{"line":76,"column":8},"end":{"line":76,"column":15}},"38":{"start":{"line":80,"column":23},"end":{"line":80,"column":46}},"39":{"start":{"line":81,"column":23},"end":{"line":81,"column":88}},"40":{"start":{"line":82,"column":6},"end":{"line":82,"column":85}},"41":{"start":{"line":85,"column":6},"end":{"line":89,"column":7}},"42":{"start":{"line":86,"column":8},"end":{"line":86,"column":36}},"43":{"start":{"line":88,"column":8},"end":{"line":88,"column":66}},"44":{"start":{"line":91,"column":27},"end":{"line":91,"column":92}},"45":{"start":{"line":92,"column":6},"end":{"line":92,"column":42}},"46":{"start":{"line":93,"column":6},"end":{"line":95,"column":7}},"47":{"start":{"line":94,"column":8},"end":{"line":94,"column":31}},"48":{"start":{"line":97,"column":6},"end":{"line":97,"column":24}},"49":{"start":{"line":101,"column":2},"end":{"line":104,"column":4}}},"fnMap":{"0":{"name":"useLogin","decl":{"start":{"line":23,"column":16},"end":{"line":23,"column":24}},"loc":{"start":{"line":23,"column":50},"end":{"line":105,"column":1}}},"1":{"name":"(anonymous_10)","decl":{"start":{"line":27,"column":16},"end":{"line":27,"column":21}},"loc":{"start":{"line":27,"column":68},"end":{"line":99,"column":3}}}},"branchMap":{"0":{"loc":{"start":{"line":32,"column":4},"end":{"line":35,"column":5}},"type":"if","locations":[{"start":{"line":32,"column":4},"end":{"line":35,"column":5}},{"start":{},"end":{}}]},"1":{"loc":{"start":{"line":38,"column":4},"end":{"line":41,"column":5}},"type":"if","locations":[{"start":{"line":38,"column":4},"end":{"line":41,"column":5}},{"start":{},"end":{}}]},"2":{"loc":{"start":{"line":53,"column":6},"end":{"line":60,"column":7}},"type":"if","locations":[{"start":{"line":53,"column":6},"end":{"line":60,"column":7}},{"start":{},"end":{}}]},"3":{"loc":{"start":{"line":54,"column":29},"end":{"line":54,"column":94}},"type":"cond-expr","locations":[{"start":{"line":54,"column":54},"end":{"line":54,"column":67}},{"start":{"line":54,"column":70},"end":{"line":54,"column":94}}]},"4":{"loc":{"start":{"line":56,"column":8},"end":{"line":58,"column":9}},"type":"if","locations":[{"start":{"line":56,"column":8},"end":{"line":58,"column":9}},{"start":{},"end":{}}]},"5":{"loc":{"start":{"line":57,"column":26},"end":{"line":57,"column":82}},"type":"cond-expr","locations":[{"start":{"line":57,"column":51},"end":{"line":57,"column":56}},{"start":{"line":57,"column":59},"end":{"line":57,"column":82}}]},"6":{"loc":{"start":{"line":62,"column":6},"end":{"line":77,"column":7}},"type":"if","locations":[{"start":{"line":62,"column":6},"end":{"line":77,"column":7}},{"start":{},"end":{}}]},"7":{"loc":{"start":{"line":64,"column":8},"end":{"line":72,"column":9}},"type":"if","locations":[{"start":{"line":64,"column":8},"end":{"line":72,"column":9}},{"start":{},"end":{}}]},"8":{"loc":{"start":{"line":65,"column":10},"end":{"line":67,"column":37}},"type":"binary-expr","locations":[{"start":{"line":65,"column":11},"end":{"line":65,"column":48}},{"start":{"line":65,"column":52},"end":{"line":65,"column":78}},{"start":{"line":66,"column":13},"end":{"line":66,"column":35}},{"start":{"line":67,"column":13},"end":{"line":67,"column":37}}]},"9":{"loc":{"start":{"line":75,"column":30},"end":{"line":75,"column":71}},"type":"binary-expr","locations":[{"start":{"line":75,"column":30},"end":{"line":75,"column":43}},{"start":{"line":75,"column":47},"end":{"line":75,"column":71}}]},"10":{"loc":{"start":{"line":81,"column":23},"end":{"line":81,"column":88}},"type":"cond-expr","locations":[{"start":{"line":81,"column":74},"end":{"line":81,"column":81}},{"start":{"line":81,"column":84},"end":{"line":81,"column":88}}]},"11":{"loc":{"start":{"line":81,"column":23},"end":{"line":81,"column":71}},"type":"binary-expr","locations":[{"start":{"line":81,"column":23},"end":{"line":81,"column":44}},{"start":{"line":81,"column":48},"end":{"line":81,"column":71}}]},"12":{"loc":{"start":{"line":82,"column":24},"end":{"line":82,"column":49}},"type":"binary-expr","locations":[{"start":{"line":82,"column":24},"end":{"line":82,"column":39}},{"start":{"line":82,"column":43},"end":{"line":82,"column":49}}]},"13":{"loc":{"start":{"line":82,"column":51},"end":{"line":82,"column":73}},"type":"binary-expr","locations":[{"start":{"line":82,"column":51},"end":{"line":82,"column":67}},{"start":{"line":82,"column":71},"end":{"line":82,"column":73}}]},"14":{"loc":{"start":{"line":85,"column":6},"end":{"line":89,"column":7}},"type":"if","locations":[{"start":{"line":85,"column":6},"end":{"line":89,"column":7}},{"start":{"line":87,"column":13},"end":{"line":89,"column":7}}]},"15":{"loc":{"start":{"line":88,"column":23},"end":{"line":88,"column":64}},"type":"cond-expr","locations":[{"start":{"line":88,"column":46},"end":{"line":88,"column":49}},{"start":{"line":88,"column":52},"end":{"line":88,"column":64}}]},"16":{"loc":{"start":{"line":91,"column":27},"end":{"line":91,"column":92}},"type":"cond-expr","locations":[{"start":{"line":91,"column":52},"end":{"line":91,"column":65}},{"start":{"line":91,"column":68},"end":{"line":91,"column":92}}]},"17":{"loc":{"start":{"line":93,"column":6},"end":{"line":95,"column":7}},"type":"if","locations":[{"start":{"line":93,"column":6},"end":{"line":95,"column":7}},{"start":{},"end":{}}]},"18":{"loc":{"start":{"line":93,"column":10},"end":{"line":93,"column":52}},"type":"binary-expr","locations":[{"start":{"line":93,"column":10},"end":{"line":93,"column":26}},{"start":{"line":93,"column":30},"end":{"line":93,"column":52}}]}},"s":{"0":0,"1":0,"2":0,"3":0,"4":0,"5":0,"6":0,"7":0,"8":0,"9":0,"10":0,"11":0,"12":0,"13":0,"14":0,"15":0,"16":0,"17":0,"18":0,"19":0,"20":0,"21":0,"22":0,"23":0,"24":0,"25":0,"26":0,"27":0,"28":0,"29":0,"30":0,"31":0,"32":0,"33":0,"34":0,"35":0,"36":0,"37":0,"38":0,"39":0,"40":0,"41":0,"42":0,"43":0,"44":0,"45":0,"46":0,"47":0,"48":0,"49":0},"f":{"0":0,"1":0},"b":{"0":[0,0],"1":[0,0],"2":[0,0],"3":[0,0],"4":[0,0],"5":[0,0],"6":[0,0],"7":[0,0],"8":[0,0,0,0],"9":[0,0],"10":[0,0],"11":[0,0],"12":[0,0],"13":[0,0],"14":[0,0],"15":[0,0],"16":[0,0],"17":[0,0],"18":[0,0]}}
,"E:\\fc-onboarding-app\\hooks\\use-theme-color.ts": {"path":"E:\\fc-onboarding-app\\hooks\\use-theme-color.ts","statementMap":{"0":{"start":{"line":9,"column":0},"end":{"line":9,"column":16}},"1":{"start":{"line":6,"column":0},"end":{"line":6,"column":43}},"2":{"start":{"line":7,"column":0},"end":{"line":7,"column":58}},"3":{"start":{"line":13,"column":16},"end":{"line":13,"column":43}},"4":{"start":{"line":14,"column":25},"end":{"line":14,"column":37}},"5":{"start":{"line":16,"column":2},"end":{"line":20,"column":3}},"6":{"start":{"line":17,"column":4},"end":{"line":17,"column":26}},"7":{"start":{"line":19,"column":4},"end":{"line":19,"column":36}}},"fnMap":{"0":{"name":"useThemeColor","decl":{"start":{"line":9,"column":16},"end":{"line":9,"column":29}},"loc":{"start":{"line":11,"column":65},"end":{"line":21,"column":1}}}},"branchMap":{"0":{"loc":{"start":{"line":13,"column":16},"end":{"line":13,"column":43}},"type":"binary-expr","locations":[{"start":{"line":13,"column":16},"end":{"line":13,"column":32}},{"start":{"line":13,"column":36},"end":{"line":13,"column":43}}]},"1":{"loc":{"start":{"line":16,"column":2},"end":{"line":20,"column":3}},"type":"if","locations":[{"start":{"line":16,"column":2},"end":{"line":20,"column":3}},{"start":{"line":18,"column":9},"end":{"line":20,"column":3}}]}},"s":{"0":0,"1":0,"2":0,"3":0,"4":0,"5":0,"6":0,"7":0},"f":{"0":0},"b":{"0":[0,0],"1":[0,0]}}
,"E:\\fc-onboarding-app\\hooks\\useInAppUpdate.android.ts": {"path":"E:\\fc-onboarding-app\\hooks\\useInAppUpdate.android.ts","statementMap":{"0":{"start":{"line":1,"column":0},"end":{"line":1,"column":39}},"1":{"start":{"line":2,"column":0},"end":{"line":2,"column":34}},"2":{"start":{"line":4,"column":30},"end":{"line":33,"column":1}},"3":{"start":{"line":5,"column":2},"end":{"line":32,"column":9}},"4":{"start":{"line":6,"column":4},"end":{"line":6,"column":65}},"5":{"start":{"line":6,"column":58},"end":{"line":6,"column":65}},"6":{"start":{"line":8,"column":27},"end":{"line":29,"column":5}},"7":{"start":{"line":9,"column":6},"end":{"line":28,"column":7}},"8":{"start":{"line":10,"column":59},"end":{"line":10,"column":105}},"9":{"start":{"line":11,"column":29},"end":{"line":13,"column":10}},"10":{"start":{"line":15,"column":23},"end":{"line":15,"column":60}},"11":{"start":{"line":17,"column":8},"end":{"line":23,"column":9}},"12":{"start":{"line":20,"column":10},"end":{"line":22,"column":13}},"13":{"start":{"line":27,"column":8},"end":{"line":27,"column":94}},"14":{"start":{"line":31,"column":4},"end":{"line":31,"column":21}},"15":{"start":{"line":4,"column":13},"end":{"line":4,"column":30}}},"fnMap":{"0":{"name":"(anonymous_10)","decl":{"start":{"line":4,"column":30},"end":{"line":4,"column":33}},"loc":{"start":{"line":4,"column":35},"end":{"line":33,"column":1}}},"1":{"name":"(anonymous_11)","decl":{"start":{"line":5,"column":12},"end":{"line":5,"column":15}},"loc":{"start":{"line":5,"column":17},"end":{"line":32,"column":3}}},"2":{"name":"(anonymous_12)","decl":{"start":{"line":8,"column":27},"end":{"line":8,"column":32}},"loc":{"start":{"line":8,"column":38},"end":{"line":29,"column":5}}},"3":{"name":"(anonymous_13)","decl":{"start":{"line":10,"column":59},"end":{"line":10,"column":72}},"loc":{"start":{"line":10,"column":59},"end":{"line":10,"column":105}}}},"branchMap":{"0":{"loc":{"start":{"line":6,"column":4},"end":{"line":6,"column":65}},"type":"if","locations":[{"start":{"line":6,"column":4},"end":{"line":6,"column":65}},{"start":{},"end":{}}]},"1":{"loc":{"start":{"line":17,"column":8},"end":{"line":23,"column":9}},"type":"if","locations":[{"start":{"line":17,"column":8},"end":{"line":23,"column":9}},{"start":{},"end":{}}]}},"s":{"0":0,"1":0,"2":0,"3":0,"4":0,"5":0,"6":0,"7":0,"8":0,"9":0,"10":0,"11":0,"12":0,"13":0,"14":0,"15":0},"f":{"0":0,"1":0,"2":0,"3":0},"b":{"0":[0,0],"1":[0,0]}}
,"E:\\fc-onboarding-app\\hooks\\useInAppUpdate.ts": {"path":"E:\\fc-onboarding-app\\hooks\\useInAppUpdate.ts","statementMap":{"0":{"start":{"line":1,"column":30},"end":{"line":1,"column":38}},"1":{"start":{"line":1,"column":13},"end":{"line":1,"column":30}}},"fnMap":{"0":{"name":"(anonymous_0)","decl":{"start":{"line":1,"column":30},"end":{"line":1,"column":33}},"loc":{"start":{"line":1,"column":35},"end":{"line":1,"column":38}}}},"branchMap":{},"s":{"0":0,"1":0},"f":{"0":0},"b":{}}
,"E:\\fc-onboarding-app\\hooks\\useInAppUpdate.web.ts": {"path":"E:\\fc-onboarding-app\\hooks\\useInAppUpdate.web.ts","statementMap":{"0":{"start":{"line":1,"column":30},"end":{"line":3,"column":1}},"1":{"start":{"line":1,"column":13},"end":{"line":1,"column":30}}},"fnMap":{"0":{"name":"(anonymous_0)","decl":{"start":{"line":1,"column":30},"end":{"line":1,"column":33}},"loc":{"start":{"line":1,"column":35},"end":{"line":3,"column":1}}}},"branchMap":{},"s":{"0":0,"1":0},"f":{"0":0},"b":{}}
,"E:\\fc-onboarding-app\\lib\\dashboard-utils.ts": {"path":"E:\\fc-onboarding-app\\lib\\dashboard-utils.ts","statementMap":{"0":{"start":{"line":4,"column":17},"end":{"line":4,"column":52}},"1":{"start":{"line":6,"column":32},"end":{"line":7,"column":86}},"2":{"start":{"line":7,"column":2},"end":{"line":7,"column":86}},"3":{"start":{"line":6,"column":13},"end":{"line":6,"column":32}},"4":{"start":{"line":9,"column":21},"end":{"line":10,"column":107}},"5":{"start":{"line":10,"column":2},"end":{"line":10,"column":107}},"6":{"start":{"line":9,"column":13},"end":{"line":9,"column":21}},"7":{"start":{"line":12,"column":24},"end":{"line":17,"column":1}},"8":{"start":{"line":13,"column":2},"end":{"line":13,"column":26}},"9":{"start":{"line":13,"column":14},"end":{"line":13,"column":26}},"10":{"start":{"line":14,"column":15},"end":{"line":14,"column":44}},"11":{"start":{"line":15,"column":2},"end":{"line":15,"column":48}},"12":{"start":{"line":15,"column":36},"end":{"line":15,"column":48}},"13":{"start":{"line":16,"column":2},"end":{"line":16,"column":14}},"14":{"start":{"line":12,"column":13},"end":{"line":12,"column":24}},"15":{"start":{"line":19,"column":34},"end":{"line":26,"column":1}},"16":{"start":{"line":20,"column":2},"end":{"line":20,"column":26}},"17":{"start":{"line":20,"column":14},"end":{"line":20,"column":26}},"18":{"start":{"line":21,"column":18},"end":{"line":21,"column":30}},"19":{"start":{"line":22,"column":18},"end":{"line":22,"column":39}},"20":{"start":{"line":23,"column":2},"end":{"line":23,"column":44}},"21":{"start":{"line":23,"column":29},"end":{"line":23,"column":44}},"22":{"start":{"line":24,"column":17},"end":{"line":24,"column":34}},"23":{"start":{"line":25,"column":2},"end":{"line":25,"column":39}},"24":{"start":{"line":19,"column":13},"end":{"line":19,"column":34}},"25":{"start":{"line":29,"column":13},"end":{"line":41,"column":2}},"26":{"start":{"line":43,"column":13},"end":{"line":43,"column":80}},"27":{"start":{"line":46,"column":13},"end":{"line":52,"column":2}},"28":{"start":{"line":54,"column":13},"end":{"line":59,"column":2}},"29":{"start":{"line":77,"column":24},"end":{"line":115,"column":1}},"30":{"start":{"line":79,"column":4},"end":{"line":80,"column":45}},"31":{"start":{"line":81,"column":2},"end":{"line":81,"column":30}},"32":{"start":{"line":81,"column":21},"end":{"line":81,"column":30}},"33":{"start":{"line":84,"column":57},"end":{"line":93,"column":4}},"34":{"start":{"line":94,"column":2},"end":{"line":96,"column":3}},"35":{"start":{"line":95,"column":4},"end":{"line":95,"column":13}},"36":{"start":{"line":99,"column":15},"end":{"line":99,"column":41}},"37":{"start":{"line":101,"column":4},"end":{"line":101,"column":88}},"38":{"start":{"line":101,"column":41},"end":{"line":101,"column":87}},"39":{"start":{"line":102,"column":22},"end":{"line":102,"column":80}},"40":{"start":{"line":102,"column":56},"end":{"line":102,"column":79}},"41":{"start":{"line":103,"column":2},"end":{"line":105,"column":3}},"42":{"start":{"line":104,"column":4},"end":{"line":104,"column":13}},"43":{"start":{"line":109,"column":4},"end":{"line":109,"column":87}},"44":{"start":{"line":110,"column":2},"end":{"line":112,"column":3}},"45":{"start":{"line":111,"column":4},"end":{"line":111,"column":13}},"46":{"start":{"line":114,"column":2},"end":{"line":114,"column":11}},"47":{"start":{"line":77,"column":13},"end":{"line":77,"column":24}},"48":{"start":{"line":117,"column":26},"end":{"line":120,"column":1}},"49":{"start":{"line":118,"column":15},"end":{"line":118,"column":32}},"50":{"start":{"line":119,"column":2},"end":{"line":119,"column":29}},"51":{"start":{"line":117,"column":13},"end":{"line":117,"column":26}},"52":{"start":{"line":123,"column":13},"end":{"line":135,"column":9}},"53":{"start":{"line":151,"column":35},"end":{"line":171,"column":1}},"54":{"start":{"line":152,"column":2},"end":{"line":162,"column":3}},"55":{"start":{"line":153,"column":22},"end":{"line":153,"column":67}},"56":{"start":{"line":154,"column":4},"end":{"line":161,"column":6}},"57":{"start":{"line":155,"column":66},"end":{"line":155,"column":70}},"58":{"start":{"line":156,"column":33},"end":{"line":160,"column":8}},"59":{"start":{"line":159,"column":42},"end":{"line":159,"column":60}},"60":{"start":{"line":163,"column":2},"end":{"line":170,"column":4}},"61":{"start":{"line":164,"column":64},"end":{"line":164,"column":68}},"62":{"start":{"line":165,"column":31},"end":{"line":169,"column":6}},"63":{"start":{"line":168,"column":40},"end":{"line":168,"column":58}},"64":{"start":{"line":151,"column":13},"end":{"line":151,"column":35}}},"fnMap":{"0":{"name":"(anonymous_0)","decl":{"start":{"line":6,"column":32},"end":{"line":6,"column":33}},"loc":{"start":{"line":7,"column":2},"end":{"line":7,"column":86}}},"1":{"name":"(anonymous_1)","decl":{"start":{"line":9,"column":21},"end":{"line":9,"column":22}},"loc":{"start":{"line":10,"column":2},"end":{"line":10,"column":107}}},"2":{"name":"(anonymous_2)","decl":{"start":{"line":12,"column":24},"end":{"line":12,"column":25}},"loc":{"start":{"line":12,"column":63},"end":{"line":17,"column":1}}},"3":{"name":"(anonymous_3)","decl":{"start":{"line":19,"column":34},"end":{"line":19,"column":35}},"loc":{"start":{"line":19,"column":75},"end":{"line":26,"column":1}}},"4":{"name":"(anonymous_4)","decl":{"start":{"line":77,"column":24},"end":{"line":77,"column":25}},"loc":{"start":{"line":77,"column":51},"end":{"line":115,"column":1}}},"5":{"name":"(anonymous_5)","decl":{"start":{"line":101,"column":34},"end":{"line":101,"column":35}},"loc":{"start":{"line":101,"column":41},"end":{"line":101,"column":87}}},"6":{"name":"(anonymous_6)","decl":{"start":{"line":102,"column":49},"end":{"line":102,"column":50}},"loc":{"start":{"line":102,"column":56},"end":{"line":102,"column":79}}},"7":{"name":"(anonymous_7)","decl":{"start":{"line":117,"column":26},"end":{"line":117,"column":27}},"loc":{"start":{"line":117,"column":54},"end":{"line":120,"column":1}}},"8":{"name":"(anonymous_8)","decl":{"start":{"line":151,"column":35},"end":{"line":151,"column":36}},"loc":{"start":{"line":151,"column":75},"end":{"line":171,"column":1}}},"9":{"name":"(anonymous_9)","decl":{"start":{"line":155,"column":44},"end":{"line":155,"column":45}},"loc":{"start":{"line":155,"column":66},"end":{"line":155,"column":70}}},"10":{"name":"(anonymous_10)","decl":{"start":{"line":156,"column":23},"end":{"line":156,"column":24}},"loc":{"start":{"line":156,"column":33},"end":{"line":160,"column":8}}},"11":{"name":"(anonymous_11)","decl":{"start":{"line":159,"column":19},"end":{"line":159,"column":20}},"loc":{"start":{"line":159,"column":42},"end":{"line":159,"column":60}}},"12":{"name":"(anonymous_12)","decl":{"start":{"line":164,"column":42},"end":{"line":164,"column":43}},"loc":{"start":{"line":164,"column":64},"end":{"line":164,"column":68}}},"13":{"name":"(anonymous_13)","decl":{"start":{"line":165,"column":21},"end":{"line":165,"column":22}},"loc":{"start":{"line":165,"column":31},"end":{"line":169,"column":6}}},"14":{"name":"(anonymous_14)","decl":{"start":{"line":168,"column":17},"end":{"line":168,"column":18}},"loc":{"start":{"line":168,"column":40},"end":{"line":168,"column":58}}}},"branchMap":{"0":{"loc":{"start":{"line":13,"column":2},"end":{"line":13,"column":26}},"type":"if","locations":[{"start":{"line":13,"column":2},"end":{"line":13,"column":26}},{"start":{},"end":{}}]},"1":{"loc":{"start":{"line":15,"column":2},"end":{"line":15,"column":48}},"type":"if","locations":[{"start":{"line":15,"column":2},"end":{"line":15,"column":48}},{"start":{},"end":{}}]},"2":{"loc":{"start":{"line":20,"column":2},"end":{"line":20,"column":26}},"type":"if","locations":[{"start":{"line":20,"column":2},"end":{"line":20,"column":26}},{"start":{},"end":{}}]},"3":{"loc":{"start":{"line":23,"column":2},"end":{"line":23,"column":44}},"type":"if","locations":[{"start":{"line":23,"column":2},"end":{"line":23,"column":44}},{"start":{},"end":{}}]},"4":{"loc":{"start":{"line":25,"column":9},"end":{"line":25,"column":38}},"type":"cond-expr","locations":[{"start":{"line":25,"column":18},"end":{"line":25,"column":31}},{"start":{"line":25,"column":34},"end":{"line":25,"column":38}}]},"5":{"loc":{"start":{"line":79,"column":4},"end":{"line":80,"column":45}},"type":"binary-expr","locations":[{"start":{"line":79,"column":4},"end":{"line":79,"column":78}},{"start":{"line":80,"column":4},"end":{"line":80,"column":45}}]},"6":{"loc":{"start":{"line":79,"column":12},"end":{"line":79,"column":77}},"type":"binary-expr","locations":[{"start":{"line":79,"column":12},"end":{"line":79,"column":24}},{"start":{"line":79,"column":28},"end":{"line":79,"column":47}},{"start":{"line":79,"column":51},"end":{"line":79,"column":77}}]},"7":{"loc":{"start":{"line":80,"column":12},"end":{"line":80,"column":44}},"type":"binary-expr","locations":[{"start":{"line":80,"column":12},"end":{"line":80,"column":25}},{"start":{"line":80,"column":29},"end":{"line":80,"column":44}}]},"8":{"loc":{"start":{"line":81,"column":2},"end":{"line":81,"column":30}},"type":"if","locations":[{"start":{"line":81,"column":2},"end":{"line":81,"column":30}},{"start":{},"end":{}}]},"9":{"loc":{"start":{"line":94,"column":2},"end":{"line":96,"column":3}},"type":"if","locations":[{"start":{"line":94,"column":2},"end":{"line":96,"column":3}},{"start":{},"end":{}}]},"10":{"loc":{"start":{"line":99,"column":15},"end":{"line":99,"column":41}},"type":"binary-expr","locations":[{"start":{"line":99,"column":15},"end":{"line":99,"column":35}},{"start":{"line":99,"column":39},"end":{"line":99,"column":41}}]},"11":{"loc":{"start":{"line":101,"column":4},"end":{"line":101,"column":88}},"type":"binary-expr","locations":[{"start":{"line":101,"column":4},"end":{"line":101,"column":19}},{"start":{"line":101,"column":23},"end":{"line":101,"column":88}}]},"12":{"loc":{"start":{"line":101,"column":41},"end":{"line":101,"column":87}},"type":"binary-expr","locations":[{"start":{"line":101,"column":41},"end":{"line":101,"column":55}},{"start":{"line":101,"column":59},"end":{"line":101,"column":87}}]},"13":{"loc":{"start":{"line":102,"column":22},"end":{"line":102,"column":80}},"type":"binary-expr","locations":[{"start":{"line":102,"column":22},"end":{"line":102,"column":34}},{"start":{"line":102,"column":38},"end":{"line":102,"column":80}}]},"14":{"loc":{"start":{"line":103,"column":2},"end":{"line":105,"column":3}},"type":"if","locations":[{"start":{"line":103,"column":2},"end":{"line":105,"column":3}},{"start":{},"end":{}}]},"15":{"loc":{"start":{"line":109,"column":4},"end":{"line":109,"column":87}},"type":"binary-expr","locations":[{"start":{"line":109,"column":4},"end":{"line":109,"column":42}},{"start":{"line":109,"column":46},"end":{"line":109,"column":87}}]},"16":{"loc":{"start":{"line":110,"column":2},"end":{"line":112,"column":3}},"type":"if","locations":[{"start":{"line":110,"column":2},"end":{"line":112,"column":3}},{"start":{},"end":{}}]},"17":{"loc":{"start":{"line":152,"column":2},"end":{"line":162,"column":3}},"type":"if","locations":[{"start":{"line":152,"column":2},"end":{"line":162,"column":3}},{"start":{},"end":{}}]}},"s":{"0":0,"1":0,"2":0,"3":0,"4":0,"5":0,"6":0,"7":0,"8":0,"9":0,"10":0,"11":0,"12":0,"13":0,"14":0,"15":0,"16":0,"17":0,"18":0,"19":0,"20":0,"21":0,"22":0,"23":0,"24":0,"25":0,"26":0,"27":0,"28":0,"29":0,"30":0,"31":0,"32":0,"33":0,"34":0,"35":0,"36":0,"37":0,"38":0,"39":0,"40":0,"41":0,"42":0,"43":0,"44":0,"45":0,"46":0,"47":0,"48":0,"49":0,"50":0,"51":0,"52":0,"53":0,"54":0,"55":0,"56":0,"57":0,"58":0,"59":0,"60":0,"61":0,"62":0,"63":0,"64":0},"f":{"0":0,"1":0,"2":0,"3":0,"4":0,"5":0,"6":0,"7":0,"8":0,"9":0,"10":0,"11":0,"12":0,"13":0,"14":0},"b":{"0":[0,0],"1":[0,0],"2":[0,0],"3":[0,0],"4":[0,0],"5":[0,0],"6":[0,0,0],"7":[0,0],"8":[0,0],"9":[0,0],"10":[0,0],"11":[0,0],"12":[0,0],"13":[0,0],"14":[0,0],"15":[0,0],"16":[0,0],"17":[0,0]}}
,"E:\\fc-onboarding-app\\lib\\docRules.ts": {"path":"E:\\fc-onboarding-app\\lib\\docRules.ts","statementMap":{"0":{"start":{"line":18,"column":0},"end":{"line":18,"column":16}},"1":{"start":{"line":3,"column":33},"end":{"line":9,"column":2}},"2":{"start":{"line":13,"column":56},"end":{"line":16,"column":2}},"3":{"start":{"line":19,"column":21},"end":{"line":19,"column":82}},"4":{"start":{"line":20,"column":2},"end":{"line":23,"column":4}},"5":{"start":{"line":21,"column":31},"end":{"line":21,"column":55}},"6":{"start":{"line":22,"column":33},"end":{"line":22,"column":57}}},"fnMap":{"0":{"name":"getRequiredDocs","decl":{"start":{"line":18,"column":16},"end":{"line":18,"column":31}},"loc":{"start":{"line":18,"column":54},"end":{"line":24,"column":1}}},"1":{"name":"(anonymous_1)","decl":{"start":{"line":21,"column":20},"end":{"line":21,"column":21}},"loc":{"start":{"line":21,"column":31},"end":{"line":21,"column":55}}},"2":{"name":"(anonymous_2)","decl":{"start":{"line":22,"column":22},"end":{"line":22,"column":23}},"loc":{"start":{"line":22,"column":33},"end":{"line":22,"column":57}}}},"branchMap":{"0":{"loc":{"start":{"line":19,"column":21},"end":{"line":19,"column":82}},"type":"cond-expr","locations":[{"start":{"line":19,"column":34},"end":{"line":19,"column":77}},{"start":{"line":19,"column":80},"end":{"line":19,"column":82}}]},"1":{"loc":{"start":{"line":19,"column":34},"end":{"line":19,"column":77}},"type":"binary-expr","locations":[{"start":{"line":19,"column":34},"end":{"line":19,"column":71}},{"start":{"line":19,"column":75},"end":{"line":19,"column":77}}]}},"s":{"0":0,"1":0,"2":0,"3":0,"4":0,"5":0,"6":0},"f":{"0":0,"1":0,"2":0},"b":{"0":[0,0],"1":[0,0]}}
,"E:\\fc-onboarding-app\\lib\\notifications.ts": {"path":"E:\\fc-onboarding-app\\lib\\notifications.ts","statementMap":{"0":{"start":{"line":8,"column":0},"end":{"line":8,"column":7}},"1":{"start":{"line":1,"column":0},"end":{"line":1,"column":39}},"2":{"start":{"line":2,"column":0},"end":{"line":2,"column":40}},"3":{"start":{"line":4,"column":0},"end":{"line":4,"column":38}},"4":{"start":{"line":6,"column":17},"end":{"line":6,"column":22}},"5":{"start":{"line":9,"column":2},"end":{"line":78,"column":3}},"6":{"start":{"line":10,"column":4},"end":{"line":10,"column":38}},"7":{"start":{"line":10,"column":31},"end":{"line":10,"column":38}},"8":{"start":{"line":11,"column":4},"end":{"line":11,"column":61}},"9":{"start":{"line":13,"column":4},"end":{"line":16,"column":5}},"10":{"start":{"line":14,"column":6},"end":{"line":14,"column":88}},"11":{"start":{"line":15,"column":6},"end":{"line":15,"column":13}},"12":{"start":{"line":18,"column":19},"end":{"line":18,"column":46}},"13":{"start":{"line":19,"column":26},"end":{"line":19,"column":60}},"14":{"start":{"line":21,"column":4},"end":{"line":32,"column":5}},"15":{"start":{"line":22,"column":6},"end":{"line":30,"column":9}},"16":{"start":{"line":23,"column":41},"end":{"line":29,"column":10}},"17":{"start":{"line":31,"column":6},"end":{"line":31,"column":24}},"18":{"start":{"line":35,"column":4},"end":{"line":42,"column":5}},"19":{"start":{"line":36,"column":6},"end":{"line":41,"column":9}},"20":{"start":{"line":44,"column":4},"end":{"line":44,"column":33}},"21":{"start":{"line":44,"column":26},"end":{"line":44,"column":33}},"22":{"start":{"line":46,"column":39},"end":{"line":46,"column":80}},"23":{"start":{"line":47,"column":4},"end":{"line":47,"column":66}},"24":{"start":{"line":48,"column":22},"end":{"line":48,"column":36}},"25":{"start":{"line":49,"column":4},"end":{"line":53,"column":5}},"26":{"start":{"line":50,"column":25},"end":{"line":50,"column":70}},"27":{"start":{"line":51,"column":6},"end":{"line":51,"column":62}},"28":{"start":{"line":52,"column":6},"end":{"line":52,"column":27}},"29":{"start":{"line":54,"column":4},"end":{"line":57,"column":5}},"30":{"start":{"line":55,"column":6},"end":{"line":55,"column":70}},"31":{"start":{"line":56,"column":6},"end":{"line":56,"column":13}},"32":{"start":{"line":59,"column":22},"end":{"line":59,"column":107}},"33":{"start":{"line":60,"column":18},"end":{"line":60,"column":74}},"34":{"start":{"line":61,"column":22},"end":{"line":61,"column":32}},"35":{"start":{"line":62,"column":4},"end":{"line":62,"column":73}},"36":{"start":{"line":64,"column":35},"end":{"line":73,"column":null}},"37":{"start":{"line":75,"column":4},"end":{"line":75,"column":44}},"38":{"start":{"line":77,"column":4},"end":{"line":77,"column":50}}},"fnMap":{"0":{"name":"registerPushToken","decl":{"start":{"line":8,"column":22},"end":{"line":8,"column":39}},"loc":{"start":{"line":8,"column":101},"end":{"line":79,"column":1}}},"1":{"name":"(anonymous_11)","decl":{"start":{"line":18,"column":19},"end":{"line":18,"column":32}},"loc":{"start":{"line":18,"column":19},"end":{"line":18,"column":46}}},"2":{"name":"(anonymous_12)","decl":{"start":{"line":19,"column":26},"end":{"line":19,"column":39}},"loc":{"start":{"line":19,"column":26},"end":{"line":19,"column":60}}},"3":{"name":"(anonymous_13)","decl":{"start":{"line":23,"column":28},"end":{"line":23,"column":33}},"loc":{"start":{"line":23,"column":41},"end":{"line":29,"column":10}}}},"branchMap":{"0":{"loc":{"start":{"line":10,"column":4},"end":{"line":10,"column":38}},"type":"if","locations":[{"start":{"line":10,"column":4},"end":{"line":10,"column":38}},{"start":{},"end":{}}]},"1":{"loc":{"start":{"line":13,"column":4},"end":{"line":16,"column":5}},"type":"if","locations":[{"start":{"line":13,"column":4},"end":{"line":16,"column":5}},{"start":{},"end":{}}]},"2":{"loc":{"start":{"line":21,"column":4},"end":{"line":32,"column":5}},"type":"if","locations":[{"start":{"line":21,"column":4},"end":{"line":32,"column":5}},{"start":{},"end":{}}]},"3":{"loc":{"start":{"line":35,"column":4},"end":{"line":42,"column":5}},"type":"if","locations":[{"start":{"line":35,"column":4},"end":{"line":42,"column":5}},{"start":{},"end":{}}]},"4":{"loc":{"start":{"line":44,"column":4},"end":{"line":44,"column":33}},"type":"if","locations":[{"start":{"line":44,"column":4},"end":{"line":44,"column":33}},{"start":{},"end":{}}]},"5":{"loc":{"start":{"line":49,"column":4},"end":{"line":53,"column":5}},"type":"if","locations":[{"start":{"line":49,"column":4},"end":{"line":53,"column":5}},{"start":{},"end":{}}]},"6":{"loc":{"start":{"line":54,"column":4},"end":{"line":57,"column":5}},"type":"if","locations":[{"start":{"line":54,"column":4},"end":{"line":57,"column":5}},{"start":{},"end":{}}]},"7":{"loc":{"start":{"line":59,"column":22},"end":{"line":59,"column":107}},"type":"binary-expr","locations":[{"start":{"line":59,"column":22},"end":{"line":59,"column":65}},{"start":{"line":59,"column":69},"end":{"line":59,"column":107}}]}},"s":{"0":0,"1":0,"2":0,"3":0,"4":0,"5":0,"6":0,"7":0,"8":0,"9":0,"10":0,"11":0,"12":0,"13":0,"14":0,"15":0,"16":0,"17":0,"18":0,"19":0,"20":0,"21":0,"22":0,"23":0,"24":0,"25":0,"26":0,"27":0,"28":0,"29":0,"30":0,"31":0,"32":0,"33":0,"34":0,"35":0,"36":0,"37":0,"38":0},"f":{"0":0,"1":0,"2":0,"3":0},"b":{"0":[0,0],"1":[0,0],"2":[0,0],"3":[0,0],"4":[0,0],"5":[0,0],"6":[0,0],"7":[0,0]}}
,"E:\\fc-onboarding-app\\lib\\safe-storage.ts": {"path":"E:\\fc-onboarding-app\\lib\\safe-storage.ts","statementMap":{"0":{"start":{"line":9,"column":20},"end":{"line":9,"column":45}},"1":{"start":{"line":11,"column":38},"end":{"line":21,"column":2}},"2":{"start":{"line":13,"column":4},"end":{"line":13,"column":63}},"3":{"start":{"line":16,"column":4},"end":{"line":16,"column":32}},"4":{"start":{"line":19,"column":4},"end":{"line":19,"column":28}},"5":{"start":{"line":23,"column":30},"end":{"line":23,"column":43}},"6":{"start":{"line":24,"column":21},"end":{"line":24,"column":29}},"7":{"start":{"line":26,"column":0},"end":{"line":37,"column":1}},"8":{"start":{"line":29,"column":23},"end":{"line":30,"column":42}},"9":{"start":{"line":31,"column":2},"end":{"line":34,"column":3}},"10":{"start":{"line":32,"column":4},"end":{"line":32,"column":27}},"11":{"start":{"line":33,"column":4},"end":{"line":33,"column":29}},"12":{"start":{"line":36,"column":2},"end":{"line":36,"column":73}},"13":{"start":{"line":39,"column":0},"end":{"line":74,"column":1}},"14":{"start":{"line":40,"column":2},"end":{"line":73,"column":3}},"15":{"start":{"line":42,"column":24},"end":{"line":42,"column":90}},"16":{"start":{"line":43,"column":42},"end":{"line":68,"column":6}},"17":{"start":{"line":45,"column":8},"end":{"line":50,"column":9}},"18":{"start":{"line":46,"column":10},"end":{"line":46,"column":53}},"19":{"start":{"line":48,"column":10},"end":{"line":48,"column":88}},"20":{"start":{"line":49,"column":10},"end":{"line":49,"column":44}},"21":{"start":{"line":53,"column":8},"end":{"line":58,"column":9}},"22":{"start":{"line":54,"column":10},"end":{"line":54,"column":53}},"23":{"start":{"line":56,"column":10},"end":{"line":56,"column":88}},"24":{"start":{"line":57,"column":10},"end":{"line":57,"column":50}},"25":{"start":{"line":61,"column":8},"end":{"line":66,"column":9}},"26":{"start":{"line":62,"column":10},"end":{"line":62,"column":49}},"27":{"start":{"line":64,"column":10},"end":{"line":64,"column":91}},"28":{"start":{"line":65,"column":10},"end":{"line":65,"column":46}},"29":{"start":{"line":69,"column":4},"end":{"line":69,"column":28}},"30":{"start":{"line":70,"column":4},"end":{"line":70,"column":28}},"31":{"start":{"line":72,"column":4},"end":{"line":72,"column":87}},"32":{"start":{"line":76,"column":0},"end":{"line":120,"column":1}},"33":{"start":{"line":77,"column":2},"end":{"line":119,"column":3}},"34":{"start":{"line":79,"column":23},"end":{"line":79,"column":87}},"35":{"start":{"line":80,"column":21},"end":{"line":80,"column":113}},"36":{"start":{"line":82,"column":22},"end":{"line":92,"column":5}},"37":{"start":{"line":83,"column":6},"end":{"line":91,"column":7}},"38":{"start":{"line":84,"column":21},"end":{"line":84,"column":60}},"39":{"start":{"line":85,"column":8},"end":{"line":85,"column":36}},"40":{"start":{"line":85,"column":26},"end":{"line":85,"column":36}},"41":{"start":{"line":86,"column":20},"end":{"line":86,"column":64}},"42":{"start":{"line":87,"column":8},"end":{"line":87,"column":70}},"43":{"start":{"line":89,"column":8},"end":{"line":89,"column":87}},"44":{"start":{"line":90,"column":8},"end":{"line":90,"column":18}},"45":{"start":{"line":94,"column":23},"end":{"line":96,"column":5}},"46":{"start":{"line":95,"column":6},"end":{"line":95,"column":74}},"47":{"start":{"line":98,"column":40},"end":{"line":113,"column":6}},"48":{"start":{"line":100,"column":21},"end":{"line":100,"column":38}},"49":{"start":{"line":101,"column":8},"end":{"line":101,"column":46}},"50":{"start":{"line":104,"column":21},"end":{"line":104,"column":38}},"51":{"start":{"line":105,"column":8},"end":{"line":105,"column":26}},"52":{"start":{"line":106,"column":8},"end":{"line":106,"column":31}},"53":{"start":{"line":109,"column":21},"end":{"line":109,"column":38}},"54":{"start":{"line":110,"column":8},"end":{"line":110,"column":25}},"55":{"start":{"line":111,"column":8},"end":{"line":111,"column":31}},"56":{"start":{"line":115,"column":4},"end":{"line":115,"column":26}},"57":{"start":{"line":116,"column":4},"end":{"line":116,"column":20}},"58":{"start":{"line":118,"column":4},"end":{"line":118,"column":90}},"59":{"start":{"line":122,"column":13},"end":{"line":122,"column":35}},"60":{"start":{"line":123,"column":13},"end":{"line":123,"column":36}}},"fnMap":{"0":{"name":"(anonymous_0)","decl":{"start":{"line":12,"column":2},"end":{"line":12,"column":7}},"loc":{"start":{"line":12,"column":19},"end":{"line":14,"column":3}}},"1":{"name":"(anonymous_1)","decl":{"start":{"line":15,"column":2},"end":{"line":15,"column":7}},"loc":{"start":{"line":15,"column":26},"end":{"line":17,"column":3}}},"2":{"name":"(anonymous_2)","decl":{"start":{"line":18,"column":2},"end":{"line":18,"column":7}},"loc":{"start":{"line":18,"column":22},"end":{"line":20,"column":3}}},"3":{"name":"(anonymous_3)","decl":{"start":{"line":44,"column":6},"end":{"line":44,"column":11}},"loc":{"start":{"line":44,"column":23},"end":{"line":51,"column":7}}},"4":{"name":"(anonymous_4)","decl":{"start":{"line":52,"column":6},"end":{"line":52,"column":11}},"loc":{"start":{"line":52,"column":30},"end":{"line":59,"column":7}}},"5":{"name":"(anonymous_5)","decl":{"start":{"line":60,"column":6},"end":{"line":60,"column":11}},"loc":{"start":{"line":60,"column":26},"end":{"line":67,"column":7}}},"6":{"name":"(anonymous_6)","decl":{"start":{"line":82,"column":22},"end":{"line":82,"column":27}},"loc":{"start":{"line":82,"column":33},"end":{"line":92,"column":5}}},"7":{"name":"(anonymous_7)","decl":{"start":{"line":94,"column":23},"end":{"line":94,"column":28}},"loc":{"start":{"line":94,"column":62},"end":{"line":96,"column":5}}},"8":{"name":"(anonymous_8)","decl":{"start":{"line":99,"column":6},"end":{"line":99,"column":11}},"loc":{"start":{"line":99,"column":23},"end":{"line":102,"column":7}}},"9":{"name":"(anonymous_9)","decl":{"start":{"line":103,"column":6},"end":{"line":103,"column":11}},"loc":{"start":{"line":103,"column":30},"end":{"line":107,"column":7}}},"10":{"name":"(anonymous_10)","decl":{"start":{"line":108,"column":6},"end":{"line":108,"column":11}},"loc":{"start":{"line":108,"column":26},"end":{"line":112,"column":7}}}},"branchMap":{"0":{"loc":{"start":{"line":13,"column":11},"end":{"line":13,"column":62}},"type":"cond-expr","locations":[{"start":{"line":13,"column":34},"end":{"line":13,"column":55}},{"start":{"line":13,"column":58},"end":{"line":13,"column":62}}]},"1":{"loc":{"start":{"line":31,"column":2},"end":{"line":34,"column":3}},"type":"if","locations":[{"start":{"line":31,"column":2},"end":{"line":34,"column":3}},{"start":{},"end":{}}]},"2":{"loc":{"start":{"line":39,"column":0},"end":{"line":74,"column":1}},"type":"if","locations":[{"start":{"line":39,"column":0},"end":{"line":74,"column":1}},{"start":{},"end":{}}]},"3":{"loc":{"start":{"line":76,"column":0},"end":{"line":120,"column":1}},"type":"if","locations":[{"start":{"line":76,"column":0},"end":{"line":120,"column":1}},{"start":{},"end":{}}]},"4":{"loc":{"start":{"line":80,"column":25},"end":{"line":80,"column":94}},"type":"binary-expr","locations":[{"start":{"line":80,"column":25},"end":{"line":80,"column":88}},{"start":{"line":80,"column":92},"end":{"line":80,"column":94}}]},"5":{"loc":{"start":{"line":85,"column":8},"end":{"line":85,"column":36}},"type":"if","locations":[{"start":{"line":85,"column":8},"end":{"line":85,"column":36}},{"start":{},"end":{}}]},"6":{"loc":{"start":{"line":87,"column":15},"end":{"line":87,"column":69}},"type":"cond-expr","locations":[{"start":{"line":87,"column":22},"end":{"line":87,"column":64}},{"start":{"line":87,"column":67},"end":{"line":87,"column":69}}]},"7":{"loc":{"start":{"line":101,"column":15},"end":{"line":101,"column":45}},"type":"cond-expr","locations":[{"start":{"line":101,"column":29},"end":{"line":101,"column":38}},{"start":{"line":101,"column":41},"end":{"line":101,"column":45}}]}},"s":{"0":0,"1":0,"2":0,"3":0,"4":0,"5":0,"6":0,"7":0,"8":0,"9":0,"10":0,"11":0,"12":0,"13":0,"14":0,"15":0,"16":0,"17":0,"18":0,"19":0,"20":0,"21":0,"22":0,"23":0,"24":0,"25":0,"26":0,"27":0,"28":0,"29":0,"30":0,"31":0,"32":0,"33":0,"34":0,"35":0,"36":0,"37":0,"38":0,"39":0,"40":0,"41":0,"42":0,"43":0,"44":0,"45":0,"46":0,"47":0,"48":0,"49":0,"50":0,"51":0,"52":0,"53":0,"54":0,"55":0,"56":0,"57":0,"58":0,"59":0,"60":0},"f":{"0":0,"1":0,"2":0,"3":0,"4":0,"5":0,"6":0,"7":0,"8":0,"9":0,"10":0},"b":{"0":[0,0],"1":[0,0],"2":[0,0],"3":[0,0],"4":[0,0],"5":[0,0],"6":[0,0],"7":[0,0]}}
,"E:\\fc-onboarding-app\\lib\\safe-storage.web.ts": {"path":"E:\\fc-onboarding-app\\lib\\safe-storage.web.ts","statementMap":{"0":{"start":{"line":7,"column":35},"end":{"line":24,"column":2}},"1":{"start":{"line":9,"column":8},"end":{"line":11,"column":9}},"2":{"start":{"line":10,"column":12},"end":{"line":10,"column":52}},"3":{"start":{"line":12,"column":8},"end":{"line":12,"column":20}},"4":{"start":{"line":15,"column":8},"end":{"line":17,"column":9}},"5":{"start":{"line":16,"column":12},"end":{"line":16,"column":52}},"6":{"start":{"line":20,"column":8},"end":{"line":22,"column":9}},"7":{"start":{"line":21,"column":12},"end":{"line":21,"column":48}},"8":{"start":{"line":26,"column":13},"end":{"line":26,"column":38}},"9":{"start":{"line":27,"column":13},"end":{"line":27,"column":49}}},"fnMap":{"0":{"name":"(anonymous_0)","decl":{"start":{"line":8,"column":4},"end":{"line":8,"column":9}},"loc":{"start":{"line":8,"column":29},"end":{"line":13,"column":5}}},"1":{"name":"(anonymous_1)","decl":{"start":{"line":14,"column":4},"end":{"line":14,"column":9}},"loc":{"start":{"line":14,"column":44},"end":{"line":18,"column":5}}},"2":{"name":"(anonymous_2)","decl":{"start":{"line":19,"column":4},"end":{"line":19,"column":9}},"loc":{"start":{"line":19,"column":32},"end":{"line":23,"column":5}}}},"branchMap":{"0":{"loc":{"start":{"line":9,"column":8},"end":{"line":11,"column":9}},"type":"if","locations":[{"start":{"line":9,"column":8},"end":{"line":11,"column":9}},{"start":{},"end":{}}]},"1":{"loc":{"start":{"line":9,"column":12},"end":{"line":9,"column":64}},"type":"binary-expr","locations":[{"start":{"line":9,"column":12},"end":{"line":9,"column":41}},{"start":{"line":9,"column":45},"end":{"line":9,"column":64}}]},"2":{"loc":{"start":{"line":15,"column":8},"end":{"line":17,"column":9}},"type":"if","locations":[{"start":{"line":15,"column":8},"end":{"line":17,"column":9}},{"start":{},"end":{}}]},"3":{"loc":{"start":{"line":15,"column":12},"end":{"line":15,"column":64}},"type":"binary-expr","locations":[{"start":{"line":15,"column":12},"end":{"line":15,"column":41}},{"start":{"line":15,"column":45},"end":{"line":15,"column":64}}]},"4":{"loc":{"start":{"line":20,"column":8},"end":{"line":22,"column":9}},"type":"if","locations":[{"start":{"line":20,"column":8},"end":{"line":22,"column":9}},{"start":{},"end":{}}]},"5":{"loc":{"start":{"line":20,"column":12},"end":{"line":20,"column":64}},"type":"binary-expr","locations":[{"start":{"line":20,"column":12},"end":{"line":20,"column":41}},{"start":{"line":20,"column":45},"end":{"line":20,"column":64}}]}},"s":{"0":0,"1":0,"2":0,"3":0,"4":0,"5":0,"6":0,"7":0,"8":0,"9":0},"f":{"0":0,"1":0,"2":0},"b":{"0":[0,0],"1":[0,0],"2":[0,0],"3":[0,0],"4":[0,0],"5":[0,0]}}
,"E:\\fc-onboarding-app\\lib\\supabase.ts": {"path":"E:\\fc-onboarding-app\\lib\\supabase.ts","statementMap":{"0":{"start":{"line":1,"column":0},"end":{"line":1,"column":53}},"1":{"start":{"line":3,"column":20},"end":{"line":3,"column":56}},"2":{"start":{"line":4,"column":24},"end":{"line":4,"column":65}},"3":{"start":{"line":6,"column":0},"end":{"line":11,"column":1}},"4":{"start":{"line":7,"column":2},"end":{"line":7,"column":93}},"5":{"start":{"line":9,"column":20},"end":{"line":9,"column":83}},"6":{"start":{"line":10,"column":2},"end":{"line":10,"column":74}},"7":{"start":{"line":13,"column":13},"end":{"line":18,"column":3}}},"fnMap":{},"branchMap":{"0":{"loc":{"start":{"line":6,"column":0},"end":{"line":11,"column":1}},"type":"if","locations":[{"start":{"line":6,"column":0},"end":{"line":11,"column":1}},{"start":{"line":8,"column":7},"end":{"line":11,"column":1}}]},"1":{"loc":{"start":{"line":6,"column":4},"end":{"line":6,"column":36}},"type":"binary-expr","locations":[{"start":{"line":6,"column":4},"end":{"line":6,"column":16}},{"start":{"line":6,"column":20},"end":{"line":6,"column":36}}]},"2":{"loc":{"start":{"line":13,"column":37},"end":{"line":13,"column":54}},"type":"binary-expr","locations":[{"start":{"line":13,"column":37},"end":{"line":13,"column":48}},{"start":{"line":13,"column":52},"end":{"line":13,"column":54}}]},"3":{"loc":{"start":{"line":13,"column":56},"end":{"line":13,"column":77}},"type":"binary-expr","locations":[{"start":{"line":13,"column":56},"end":{"line":13,"column":71}},{"start":{"line":13,"column":75},"end":{"line":13,"column":77}}]}},"s":{"0":0,"1":0,"2":0,"3":0,"4":0,"5":0,"6":0,"7":0},"f":{},"b":{"0":[0,0],"1":[0,0],"2":[0,0],"3":[0,0]}}
,"E:\\fc-onboarding-app\\lib\\theme.ts": {"path":"E:\\fc-onboarding-app\\lib\\theme.ts","statementMap":{"0":{"start":{"line":7,"column":13},"end":{"line":68,"column":11}},"1":{"start":{"line":71,"column":13},"end":{"line":97,"column":11}},"2":{"start":{"line":100,"column":13},"end":{"line":111,"column":11}},"3":{"start":{"line":114,"column":13},"end":{"line":122,"column":11}},"4":{"start":{"line":125,"column":13},"end":{"line":161,"column":11}},"5":{"start":{"line":164,"column":13},"end":{"line":167,"column":11}},"6":{"start":{"line":170,"column":13},"end":{"line":182,"column":11}},"7":{"start":{"line":186,"column":13},"end":{"line":194,"column":11}}},"fnMap":{},"branchMap":{},"s":{"0":0,"1":0,"2":0,"3":0,"4":0,"5":0,"6":0,"7":0},"f":{},"b":{}}
,"E:\\fc-onboarding-app\\lib\\validation.ts": {"path":"E:\\fc-onboarding-app\\lib\\validation.ts","statementMap":{"0":{"start":{"line":17,"column":0},"end":{"line":17,"column":16}},"1":{"start":{"line":53,"column":0},"end":{"line":53,"column":16}},"2":{"start":{"line":104,"column":0},"end":{"line":104,"column":16}},"3":{"start":{"line":132,"column":0},"end":{"line":132,"column":16}},"4":{"start":{"line":159,"column":0},"end":{"line":159,"column":16}},"5":{"start":{"line":210,"column":0},"end":{"line":210,"column":16}},"6":{"start":{"line":226,"column":0},"end":{"line":226,"column":16}},"7":{"start":{"line":234,"column":0},"end":{"line":234,"column":16}},"8":{"start":{"line":248,"column":0},"end":{"line":248,"column":16}},"9":{"start":{"line":18,"column":17},"end":{"line":18,"column":45}},"10":{"start":{"line":20,"column":2},"end":{"line":25,"column":3}},"11":{"start":{"line":21,"column":4},"end":{"line":24,"column":6}},"12":{"start":{"line":27,"column":2},"end":{"line":32,"column":3}},"13":{"start":{"line":28,"column":4},"end":{"line":31,"column":6}},"14":{"start":{"line":35,"column":24},"end":{"line":35,"column":66}},"15":{"start":{"line":36,"column":17},"end":{"line":36,"column":39}},"16":{"start":{"line":38,"column":2},"end":{"line":43,"column":3}},"17":{"start":{"line":39,"column":4},"end":{"line":42,"column":6}},"18":{"start":{"line":45,"column":2},"end":{"line":45,"column":27}},"19":{"start":{"line":54,"column":2},"end":{"line":59,"column":3}},"20":{"start":{"line":55,"column":4},"end":{"line":58,"column":6}},"21":{"start":{"line":61,"column":18},"end":{"line":61,"column":33}},"22":{"start":{"line":63,"column":2},"end":{"line":68,"column":3}},"23":{"start":{"line":64,"column":4},"end":{"line":67,"column":6}},"24":{"start":{"line":71,"column":21},"end":{"line":71,"column":45}},"25":{"start":{"line":72,"column":2},"end":{"line":77,"column":3}},"26":{"start":{"line":73,"column":4},"end":{"line":76,"column":6}},"27":{"start":{"line":80,"column":20},"end":{"line":80,"column":41}},"28":{"start":{"line":81,"column":2},"end":{"line":86,"column":3}},"29":{"start":{"line":82,"column":4},"end":{"line":85,"column":6}},"30":{"start":{"line":89,"column":21},"end":{"line":89,"column":74}},"31":{"start":{"line":90,"column":2},"end":{"line":95,"column":3}},"32":{"start":{"line":91,"column":4},"end":{"line":94,"column":6}},"33":{"start":{"line":97,"column":2},"end":{"line":97,"column":27}},"34":{"start":{"line":105,"column":2},"end":{"line":110,"column":3}},"35":{"start":{"line":106,"column":4},"end":{"line":109,"column":6}},"36":{"start":{"line":112,"column":18},"end":{"line":112,"column":30}},"37":{"start":{"line":115,"column":21},"end":{"line":115,"column":49}},"38":{"start":{"line":117,"column":2},"end":{"line":122,"column":3}},"39":{"start":{"line":118,"column":4},"end":{"line":121,"column":6}},"40":{"start":{"line":124,"column":2},"end":{"line":124,"column":27}},"41":{"start":{"line":133,"column":2},"end":{"line":138,"column":3}},"42":{"start":{"line":134,"column":4},"end":{"line":137,"column":6}},"43":{"start":{"line":140,"column":18},"end":{"line":140,"column":29}},"44":{"start":{"line":142,"column":2},"end":{"line":147,"column":3}},"45":{"start":{"line":143,"column":4},"end":{"line":146,"column":6}},"46":{"start":{"line":149,"column":2},"end":{"line":149,"column":27}},"47":{"start":{"line":160,"column":17},"end":{"line":160,"column":50}},"48":{"start":{"line":162,"column":2},"end":{"line":167,"column":3}},"49":{"start":{"line":163,"column":4},"end":{"line":166,"column":6}},"50":{"start":{"line":169,"column":2},"end":{"line":174,"column":3}},"51":{"start":{"line":170,"column":4},"end":{"line":173,"column":6}},"52":{"start":{"line":177,"column":22},"end":{"line":177,"column":45}},"53":{"start":{"line":178,"column":2},"end":{"line":183,"column":3}},"54":{"start":{"line":179,"column":4},"end":{"line":182,"column":6}},"55":{"start":{"line":186,"column":18},"end":{"line":186,"column":54}},"56":{"start":{"line":187,"column":12},"end":{"line":187,"column":13}},"57":{"start":{"line":189,"column":2},"end":{"line":191,"column":3}},"58":{"start":{"line":189,"column":15},"end":{"line":189,"column":16}},"59":{"start":{"line":190,"column":4},"end":{"line":190,"column":48}},"60":{"start":{"line":193,"column":19},"end":{"line":193,"column":41}},"61":{"start":{"line":194,"column":20},"end":{"line":194,"column":44}},"62":{"start":{"line":196,"column":2},"end":{"line":201,"column":3}},"63":{"start":{"line":197,"column":4},"end":{"line":200,"column":6}},"64":{"start":{"line":203,"column":2},"end":{"line":203,"column":27}},"65":{"start":{"line":211,"column":2},"end":{"line":216,"column":3}},"66":{"start":{"line":212,"column":4},"end":{"line":215,"column":6}},"67":{"start":{"line":218,"column":2},"end":{"line":218,"column":27}},"68":{"start":{"line":227,"column":2},"end":{"line":227,"column":38}},"69":{"start":{"line":235,"column":17},"end":{"line":235,"column":38}},"70":{"start":{"line":237,"column":2},"end":{"line":239,"column":3}},"71":{"start":{"line":238,"column":4},"end":{"line":238,"column":17}},"72":{"start":{"line":241,"column":2},"end":{"line":241,"column":86}},"73":{"start":{"line":249,"column":17},"end":{"line":249,"column":50}},"74":{"start":{"line":251,"column":2},"end":{"line":253,"column":3}},"75":{"start":{"line":252,"column":4},"end":{"line":252,"column":22}},"76":{"start":{"line":255,"column":2},"end":{"line":255,"column":56}}},"fnMap":{"0":{"name":"validatePhone","decl":{"start":{"line":17,"column":16},"end":{"line":17,"column":29}},"loc":{"start":{"line":17,"column":43},"end":{"line":46,"column":1}}},"1":{"name":"validatePassword","decl":{"start":{"line":53,"column":16},"end":{"line":53,"column":32}},"loc":{"start":{"line":53,"column":49},"end":{"line":98,"column":1}}},"2":{"name":"validateEmail","decl":{"start":{"line":104,"column":16},"end":{"line":104,"column":29}},"loc":{"start":{"line":104,"column":43},"end":{"line":125,"column":1}}},"3":{"name":"validateName","decl":{"start":{"line":132,"column":16},"end":{"line":132,"column":28}},"loc":{"start":{"line":132,"column":41},"end":{"line":150,"column":1}}},"4":{"name":"validateResidentId","decl":{"start":{"line":159,"column":16},"end":{"line":159,"column":34}},"loc":{"start":{"line":159,"column":53},"end":{"line":204,"column":1}}},"5":{"name":"validateRequired","decl":{"start":{"line":210,"column":16},"end":{"line":210,"column":32}},"loc":{"start":{"line":210,"column":65},"end":{"line":219,"column":1}}},"6":{"name":"normalizePhone","decl":{"start":{"line":226,"column":16},"end":{"line":226,"column":30}},"loc":{"start":{"line":226,"column":44},"end":{"line":228,"column":1}}},"7":{"name":"formatPhone","decl":{"start":{"line":234,"column":16},"end":{"line":234,"column":27}},"loc":{"start":{"line":234,"column":41},"end":{"line":242,"column":1}}},"8":{"name":"formatResidentId","decl":{"start":{"line":248,"column":16},"end":{"line":248,"column":32}},"loc":{"start":{"line":248,"column":51},"end":{"line":256,"column":1}}}},"branchMap":{"0":{"loc":{"start":{"line":20,"column":2},"end":{"line":25,"column":3}},"type":"if","locations":[{"start":{"line":20,"column":2},"end":{"line":25,"column":3}},{"start":{},"end":{}}]},"1":{"loc":{"start":{"line":27,"column":2},"end":{"line":32,"column":3}},"type":"if","locations":[{"start":{"line":27,"column":2},"end":{"line":32,"column":3}},{"start":{},"end":{}}]},"2":{"loc":{"start":{"line":38,"column":2},"end":{"line":43,"column":3}},"type":"if","locations":[{"start":{"line":38,"column":2},"end":{"line":43,"column":3}},{"start":{},"end":{}}]},"3":{"loc":{"start":{"line":54,"column":2},"end":{"line":59,"column":3}},"type":"if","locations":[{"start":{"line":54,"column":2},"end":{"line":59,"column":3}},{"start":{},"end":{}}]},"4":{"loc":{"start":{"line":54,"column":6},"end":{"line":54,"column":35}},"type":"binary-expr","locations":[{"start":{"line":54,"column":6},"end":{"line":54,"column":15}},{"start":{"line":54,"column":19},"end":{"line":54,"column":35}}]},"5":{"loc":{"start":{"line":63,"column":2},"end":{"line":68,"column":3}},"type":"if","locations":[{"start":{"line":63,"column":2},"end":{"line":68,"column":3}},{"start":{},"end":{}}]},"6":{"loc":{"start":{"line":72,"column":2},"end":{"line":77,"column":3}},"type":"if","locations":[{"start":{"line":72,"column":2},"end":{"line":77,"column":3}},{"start":{},"end":{}}]},"7":{"loc":{"start":{"line":81,"column":2},"end":{"line":86,"column":3}},"type":"if","locations":[{"start":{"line":81,"column":2},"end":{"line":86,"column":3}},{"start":{},"end":{}}]},"8":{"loc":{"start":{"line":90,"column":2},"end":{"line":95,"column":3}},"type":"if","locations":[{"start":{"line":90,"column":2},"end":{"line":95,"column":3}},{"start":{},"end":{}}]},"9":{"loc":{"start":{"line":105,"column":2},"end":{"line":110,"column":3}},"type":"if","locations":[{"start":{"line":105,"column":2},"end":{"line":110,"column":3}},{"start":{},"end":{}}]},"10":{"loc":{"start":{"line":105,"column":6},"end":{"line":105,"column":29}},"type":"binary-expr","locations":[{"start":{"line":105,"column":6},"end":{"line":105,"column":12}},{"start":{"line":105,"column":16},"end":{"line":105,"column":29}}]},"11":{"loc":{"start":{"line":117,"column":2},"end":{"line":122,"column":3}},"type":"if","locations":[{"start":{"line":117,"column":2},"end":{"line":122,"column":3}},{"start":{},"end":{}}]},"12":{"loc":{"start":{"line":133,"column":2},"end":{"line":138,"column":3}},"type":"if","locations":[{"start":{"line":133,"column":2},"end":{"line":138,"column":3}},{"start":{},"end":{}}]},"13":{"loc":{"start":{"line":133,"column":6},"end":{"line":133,"column":27}},"type":"binary-expr","locations":[{"start":{"line":133,"column":6},"end":{"line":133,"column":11}},{"start":{"line":133,"column":15},"end":{"line":133,"column":27}}]},"14":{"loc":{"start":{"line":142,"column":2},"end":{"line":147,"column":3}},"type":"if","locations":[{"start":{"line":142,"column":2},"end":{"line":147,"column":3}},{"start":{},"end":{}}]},"15":{"loc":{"start":{"line":162,"column":2},"end":{"line":167,"column":3}},"type":"if","locations":[{"start":{"line":162,"column":2},"end":{"line":167,"column":3}},{"start":{},"end":{}}]},"16":{"loc":{"start":{"line":169,"column":2},"end":{"line":174,"column":3}},"type":"if","locations":[{"start":{"line":169,"column":2},"end":{"line":174,"column":3}},{"start":{},"end":{}}]},"17":{"loc":{"start":{"line":178,"column":2},"end":{"line":183,"column":3}},"type":"if","locations":[{"start":{"line":178,"column":2},"end":{"line":183,"column":3}},{"start":{},"end":{}}]},"18":{"loc":{"start":{"line":178,"column":6},"end":{"line":178,"column":40}},"type":"binary-expr","locations":[{"start":{"line":178,"column":6},"end":{"line":178,"column":21}},{"start":{"line":178,"column":25},"end":{"line":178,"column":40}}]},"19":{"loc":{"start":{"line":196,"column":2},"end":{"line":201,"column":3}},"type":"if","locations":[{"start":{"line":196,"column":2},"end":{"line":201,"column":3}},{"start":{},"end":{}}]},"20":{"loc":{"start":{"line":211,"column":2},"end":{"line":216,"column":3}},"type":"if","locations":[{"start":{"line":211,"column":2},"end":{"line":216,"column":3}},{"start":{},"end":{}}]},"21":{"loc":{"start":{"line":211,"column":6},"end":{"line":211,"column":29}},"type":"binary-expr","locations":[{"start":{"line":211,"column":6},"end":{"line":211,"column":12}},{"start":{"line":211,"column":16},"end":{"line":211,"column":29}}]},"22":{"loc":{"start":{"line":237,"column":2},"end":{"line":239,"column":3}},"type":"if","locations":[{"start":{"line":237,"column":2},"end":{"line":239,"column":3}},{"start":{},"end":{}}]},"23":{"loc":{"start":{"line":251,"column":2},"end":{"line":253,"column":3}},"type":"if","locations":[{"start":{"line":251,"column":2},"end":{"line":253,"column":3}},{"start":{},"end":{}}]}},"s":{"0":1,"1":1,"2":1,"3":1,"4":1,"5":1,"6":1,"7":1,"8":1,"9":11,"10":11,"11":1,"12":10,"13":1,"14":9,"15":9,"16":9,"17":1,"18":8,"19":7,"20":1,"21":6,"22":6,"23":1,"24":5,"25":5,"26":1,"27":4,"28":4,"29":1,"30":3,"31":3,"32":1,"33":2,"34":6,"35":1,"36":5,"37":5,"38":5,"39":3,"40":2,"41":4,"42":1,"43":3,"44":3,"45":1,"46":2,"47":14,"48":14,"49":1,"50":13,"51":1,"52":12,"53":12,"54":1,"55":11,"56":11,"57":11,"58":11,"59":132,"60":11,"61":11,"62":11,"63":1,"64":10,"65":4,"66":3,"67":1,"68":7,"69":3,"70":3,"71":1,"72":2,"73":4,"74":4,"75":1,"76":3},"f":{"0":11,"1":7,"2":6,"3":4,"4":14,"5":4,"6":7,"7":3,"8":4},"b":{"0":[1,10],"1":[1,9],"2":[1,8],"3":[1,6],"4":[7,6],"5":[1,5],"6":[1,4],"7":[1,3],"8":[1,2],"9":[1,5],"10":[6,5],"11":[3,2],"12":[1,3],"13":[4,3],"14":[1,2],"15":[1,13],"16":[1,12],"17":[1,11],"18":[12,11],"19":[1,10],"20":[3,1],"21":[4,2],"22":[1,2],"23":[1,3]}}
}
