TN:
SF:hooks\use-color-scheme.ts
FN:1,(anonymous_0)
FNF:1
FNH:0
FNDA:0,(anonymous_0)
DA:1,0
LF:1
LH:0
BRF:0
BRH:0
end_of_record
TN:
SF:hooks\use-color-scheme.web.ts
FN:7,useColorScheme
FN:10,(anonymous_1)
FNF:2
FNH:0
FNDA:0,useColorScheme
FNDA:0,(anonymous_1)
DA:1,0
DA:2,0
DA:7,0
DA:8,0
DA:10,0
DA:11,0
DA:14,0
DA:16,0
DA:17,0
DA:20,0
LF:10
LH:0
BRDA:16,0,0,0
BRDA:16,0,1,0
BRF:2
BRH:0
end_of_record
TN:
SF:hooks\use-dashboard-data.ts
FN:15,(anonymous_0)
FN:52,useDashboardData
FN:60,(anonymous_2)
FN:66,useUpdateTempId
FN:70,(anonymous_4)
FN:78,(anonymous_5)
FN:85,useUpdateCareerType
FN:89,(anonymous_7)
FN:97,(anonymous_8)
FN:104,useUpdateDocDeadline
FN:108,(anonymous_10)
FN:116,(anonymous_11)
FN:123,useUpdateAllowanceDate
FN:127,(anonymous_13)
FN:136,(anonymous_14)
FN:143,useRejectAllowance
FN:147,(anonymous_16)
FN:158,(anonymous_17)
FN:165,useDeleteFC
FN:169,(anonymous_19)
FN:177,(anonymous_20)
FNF:21
FNH:0
FNDA:0,(anonymous_0)
FNDA:0,useDashboardData
FNDA:0,(anonymous_2)
FNDA:0,useUpdateTempId
FNDA:0,(anonymous_4)
FNDA:0,(anonymous_5)
FNDA:0,useUpdateCareerType
FNDA:0,(anonymous_7)
FNDA:0,(anonymous_8)
FNDA:0,useUpdateDocDeadline
FNDA:0,(anonymous_10)
FNDA:0,(anonymous_11)
FNDA:0,useUpdateAllowanceDate
FNDA:0,(anonymous_13)
FNDA:0,(anonymous_14)
FNDA:0,useRejectAllowance
FNDA:0,(anonymous_16)
FNDA:0,(anonymous_17)
FNDA:0,useDeleteFC
FNDA:0,(anonymous_19)
FNDA:0,(anonymous_20)
DA:1,0
DA:2,0
DA:15,0
DA:20,0
DA:27,0
DA:28,0
DA:30,0
DA:31,0
DA:36,0
DA:37,0
DA:38,0
DA:47,0
DA:49,0
DA:52,0
DA:58,0
DA:60,0
DA:66,0
DA:67,0
DA:69,0
DA:71,0
DA:76,0
DA:79,0
DA:85,0
DA:86,0
DA:88,0
DA:90,0
DA:95,0
DA:98,0
DA:104,0
DA:105,0
DA:107,0
DA:109,0
DA:114,0
DA:117,0
DA:123,0
DA:124,0
DA:126,0
DA:128,0
DA:129,0
DA:134,0
DA:137,0
DA:143,0
DA:144,0
DA:146,0
DA:148,0
DA:156,0
DA:159,0
DA:165,0
DA:166,0
DA:168,0
DA:170,0
DA:175,0
DA:178,0
LF:53
LH:0
BRDA:27,0,0,0
BRDA:27,0,1,0
BRDA:27,1,0,0
BRDA:27,1,1,0
BRDA:30,2,0,0
BRDA:30,2,1,0
BRDA:37,3,0,0
BRDA:37,3,1,0
BRDA:56,4,0,0
BRDA:76,5,0,0
BRDA:76,5,1,0
BRDA:95,6,0,0
BRDA:95,6,1,0
BRDA:114,7,0,0
BRDA:114,7,1,0
BRDA:128,8,0,0
BRDA:128,8,1,0
BRDA:134,9,0,0
BRDA:134,9,1,0
BRDA:156,10,0,0
BRDA:156,10,1,0
BRDA:175,11,0,0
BRDA:175,11,1,0
BRF:23
BRH:0
end_of_record
TN:
SF:hooks\use-identity-gate.ts
FN:11,useIdentityGate
FN:17,(anonymous_1)
FNF:2
FNH:0
FNDA:0,useIdentityGate
FNDA:0,(anonymous_1)
DA:1,0
DA:2,0
DA:3,0
DA:4,0
DA:11,0
DA:12,0
DA:13,0
DA:14,0
DA:15,0
DA:17,0
DA:18,0
DA:19,0
DA:20,0
DA:21,0
DA:22,0
DA:23,0
DA:25,0
DA:26,0
DA:33,0
LF:19
LH:0
BRDA:11,0,0,0
BRDA:12,1,0,0
BRDA:18,2,0,0
BRDA:18,2,1,0
BRDA:19,3,0,0
BRDA:19,3,1,0
BRDA:20,4,0,0
BRDA:20,4,1,0
BRDA:21,5,0,0
BRDA:21,5,1,0
BRDA:25,6,0,0
BRDA:25,6,1,0
BRDA:25,7,0,0
BRDA:25,7,1,0
BRDA:25,7,2,0
BRDA:28,8,0,0
BRDA:28,8,1,0
BRDA:28,8,2,0
BRF:18
BRH:0
end_of_record
TN:
SF:hooks\use-identity-status.ts
FN:13,(anonymous_0)
FN:16,fetchIdentityStatus
FN:35,useIdentityStatus
FN:41,(anonymous_3)
FNF:4
FNH:0
FNDA:0,(anonymous_0)
FNDA:0,fetchIdentityStatus
FNDA:0,useIdentityStatus
FNDA:0,(anonymous_3)
DA:1,0
DA:2,0
DA:3,0
DA:13,0
DA:14,0
DA:16,0
DA:17,0
DA:23,0
DA:25,0
DA:26,0
DA:35,0
DA:36,0
DA:37,0
DA:39,0
DA:41,0
LF:15
LH:0
BRDA:14,0,0,0
BRDA:14,0,1,0
BRDA:14,1,0,0
BRDA:14,1,1,0
BRDA:23,2,0,0
BRDA:23,2,1,0
BRDA:27,3,0,0
BRDA:27,3,1,0
BRDA:29,4,0,0
BRDA:29,4,1,0
BRDA:30,5,0,0
BRDA:30,5,1,0
BRDA:31,6,0,0
BRDA:31,6,1,0
BRDA:37,7,0,0
BRDA:37,7,1,0
BRDA:37,7,2,0
BRDA:41,8,0,0
BRDA:41,8,1,0
BRF:19
BRH:0
end_of_record
TN:
SF:hooks\use-keyboard-padding.ts
FN:7,useKeyboardPadding
FN:10,(anonymous_1)
FN:13,(anonymous_2)
FN:17,(anonymous_3)
FN:19,(anonymous_4)
FNF:5
FNH:0
FNDA:0,useKeyboardPadding
FNDA:0,(anonymous_1)
FNDA:0,(anonymous_2)
FNDA:0,(anonymous_3)
FNDA:0,(anonymous_4)
DA:1,0
DA:2,0
DA:7,0
DA:8,0
DA:10,0
DA:11,0
DA:13,0
DA:15,0
DA:17,0
DA:19,0
DA:20,0
DA:21,0
DA:25,0
LF:13
LH:0
BRDA:12,0,0,0
BRDA:12,0,1,0
BRDA:16,1,0,0
BRDA:16,1,1,0
BRF:4
BRH:0
end_of_record
TN:
SF:hooks\use-login.ts
FN:23,useLogin
FN:27,(anonymous_10)
FNF:2
FNH:0
FNDA:0,useLogin
FNDA:0,(anonymous_10)
DA:1,0
DA:2,0
DA:3,0
DA:4,0
DA:5,0
DA:6,0
DA:7,0
DA:23,0
DA:24,0
DA:25,0
DA:27,0
DA:28,0
DA:31,0
DA:32,0
DA:33,0
DA:34,0
DA:37,0
DA:38,0
DA:39,0
DA:40,0
DA:43,0
DA:45,0
DA:46,0
DA:48,0
DA:49,0
DA:53,0
DA:54,0
DA:55,0
DA:56,0
DA:57,0
DA:59,0
DA:62,0
DA:64,0
DA:69,0
DA:70,0
DA:71,0
DA:75,0
DA:76,0
DA:80,0
DA:81,0
DA:82,0
DA:85,0
DA:86,0
DA:88,0
DA:91,0
DA:92,0
DA:93,0
DA:94,0
DA:97,0
DA:101,0
LF:50
LH:0
BRDA:32,0,0,0
BRDA:32,0,1,0
BRDA:38,1,0,0
BRDA:38,1,1,0
BRDA:53,2,0,0
BRDA:53,2,1,0
BRDA:54,3,0,0
BRDA:54,3,1,0
BRDA:56,4,0,0
BRDA:56,4,1,0
BRDA:57,5,0,0
BRDA:57,5,1,0
BRDA:62,6,0,0
BRDA:62,6,1,0
BRDA:64,7,0,0
BRDA:64,7,1,0
BRDA:65,8,0,0
BRDA:65,8,1,0
BRDA:65,8,2,0
BRDA:65,8,3,0
BRDA:75,9,0,0
BRDA:75,9,1,0
BRDA:81,10,0,0
BRDA:81,10,1,0
BRDA:81,11,0,0
BRDA:81,11,1,0
BRDA:82,12,0,0
BRDA:82,12,1,0
BRDA:82,13,0,0
BRDA:82,13,1,0
BRDA:85,14,0,0
BRDA:85,14,1,0
BRDA:88,15,0,0
BRDA:88,15,1,0
BRDA:91,16,0,0
BRDA:91,16,1,0
BRDA:93,17,0,0
BRDA:93,17,1,0
BRDA:93,18,0,0
BRDA:93,18,1,0
BRF:40
BRH:0
end_of_record
TN:
SF:hooks\use-theme-color.ts
FN:9,useThemeColor
FNF:1
FNH:0
FNDA:0,useThemeColor
DA:6,0
DA:7,0
DA:9,0
DA:13,0
DA:14,0
DA:16,0
DA:17,0
DA:19,0
LF:8
LH:0
BRDA:13,0,0,0
BRDA:13,0,1,0
BRDA:16,1,0,0
BRDA:16,1,1,0
BRF:4
BRH:0
end_of_record
TN:
SF:hooks\useInAppUpdate.android.ts
FN:4,(anonymous_10)
FN:5,(anonymous_11)
FN:8,(anonymous_12)
FN:10,(anonymous_13)
FNF:4
FNH:0
FNDA:0,(anonymous_10)
FNDA:0,(anonymous_11)
FNDA:0,(anonymous_12)
FNDA:0,(anonymous_13)
DA:1,0
DA:2,0
DA:4,0
DA:5,0
DA:6,0
DA:8,0
DA:9,0
DA:10,0
DA:11,0
DA:15,0
DA:17,0
DA:20,0
DA:27,0
DA:31,0
LF:14
LH:0
BRDA:6,0,0,0
BRDA:6,0,1,0
BRDA:17,1,0,0
BRDA:17,1,1,0
BRF:4
BRH:0
end_of_record
TN:
SF:hooks\useInAppUpdate.ts
FN:1,(anonymous_0)
FNF:1
FNH:0
FNDA:0,(anonymous_0)
DA:1,0
LF:1
LH:0
BRF:0
BRH:0
end_of_record
TN:
SF:hooks\useInAppUpdate.web.ts
FN:1,(anonymous_0)
FNF:1
FNH:0
FNDA:0,(anonymous_0)
DA:1,0
LF:1
LH:0
BRF:0
BRH:0
end_of_record
TN:
SF:lib\dashboard-utils.ts
FN:6,(anonymous_0)
FN:9,(anonymous_1)
FN:12,(anonymous_2)
FN:19,(anonymous_3)
FN:77,(anonymous_4)
FN:101,(anonymous_5)
FN:102,(anonymous_6)
FN:117,(anonymous_7)
FN:151,(anonymous_8)
FN:155,(anonymous_9)
FN:156,(anonymous_10)
FN:159,(anonymous_11)
FN:164,(anonymous_12)
FN:165,(anonymous_13)
FN:168,(anonymous_14)
FNF:15
FNH:0
FNDA:0,(anonymous_0)
FNDA:0,(anonymous_1)
FNDA:0,(anonymous_2)
FNDA:0,(anonymous_3)
FNDA:0,(anonymous_4)
FNDA:0,(anonymous_5)
FNDA:0,(anonymous_6)
FNDA:0,(anonymous_7)
FNDA:0,(anonymous_8)
FNDA:0,(anonymous_9)
FNDA:0,(anonymous_10)
FNDA:0,(anonymous_11)
FNDA:0,(anonymous_12)
FNDA:0,(anonymous_13)
FNDA:0,(anonymous_14)
DA:4,0
DA:6,0
DA:7,0
DA:9,0
DA:10,0
DA:12,0
DA:13,0
DA:14,0
DA:15,0
DA:16,0
DA:19,0
DA:20,0
DA:21,0
DA:22,0
DA:23,0
DA:24,0
DA:25,0
DA:29,0
DA:43,0
DA:46,0
DA:54,0
DA:77,0
DA:79,0
DA:81,0
DA:84,0
DA:94,0
DA:95,0
DA:99,0
DA:101,0
DA:102,0
DA:103,0
DA:104,0
DA:109,0
DA:110,0
DA:111,0
DA:114,0
DA:117,0
DA:118,0
DA:119,0
DA:123,0
DA:151,0
DA:152,0
DA:153,0
DA:154,0
DA:155,0
DA:156,0
DA:159,0
DA:163,0
DA:164,0
DA:165,0
DA:168,0
LF:51
LH:0
BRDA:13,0,0,0
BRDA:13,0,1,0
BRDA:15,1,0,0
BRDA:15,1,1,0
BRDA:20,2,0,0
BRDA:20,2,1,0
BRDA:23,3,0,0
BRDA:23,3,1,0
BRDA:25,4,0,0
BRDA:25,4,1,0
BRDA:79,5,0,0
BRDA:79,5,1,0
BRDA:79,6,0,0
BRDA:79,6,1,0
BRDA:79,6,2,0
BRDA:80,7,0,0
BRDA:80,7,1,0
BRDA:81,8,0,0
BRDA:81,8,1,0
BRDA:94,9,0,0
BRDA:94,9,1,0
BRDA:99,10,0,0
BRDA:99,10,1,0
BRDA:101,11,0,0
BRDA:101,11,1,0
BRDA:101,12,0,0
BRDA:101,12,1,0
BRDA:102,13,0,0
BRDA:102,13,1,0
BRDA:103,14,0,0
BRDA:103,14,1,0
BRDA:109,15,0,0
BRDA:109,15,1,0
BRDA:110,16,0,0
BRDA:110,16,1,0
BRDA:152,17,0,0
BRDA:152,17,1,0
BRF:37
BRH:0
end_of_record
TN:
SF:lib\docRules.ts
FN:18,getRequiredDocs
FN:21,(anonymous_1)
FN:22,(anonymous_2)
FNF:3
FNH:0
FNDA:0,getRequiredDocs
FNDA:0,(anonymous_1)
FNDA:0,(anonymous_2)
DA:3,0
DA:13,0
DA:18,0
DA:19,0
DA:20,0
DA:21,0
DA:22,0
LF:7
LH:0
BRDA:19,0,0,0
BRDA:19,0,1,0
BRDA:19,1,0,0
BRDA:19,1,1,0
BRF:4
BRH:0
end_of_record
TN:
SF:lib\notifications.ts
FN:8,registerPushToken
FN:18,(anonymous_11)
FN:19,(anonymous_12)
FN:23,(anonymous_13)
FNF:4
FNH:0
FNDA:0,registerPushToken
FNDA:0,(anonymous_11)
FNDA:0,(anonymous_12)
FNDA:0,(anonymous_13)
DA:1,0
DA:2,0
DA:4,0
DA:6,0
DA:8,0
DA:9,0
DA:10,0
DA:11,0
DA:13,0
DA:14,0
DA:15,0
DA:18,0
DA:19,0
DA:21,0
DA:22,0
DA:23,0
DA:31,0
DA:35,0
DA:36,0
DA:44,0
DA:46,0
DA:47,0
DA:48,0
DA:49,0
DA:50,0
DA:51,0
DA:52,0
DA:54,0
DA:55,0
DA:56,0
DA:59,0
DA:60,0
DA:61,0
DA:62,0
DA:64,0
DA:75,0
DA:77,0
LF:37
LH:0
BRDA:10,0,0,0
BRDA:10,0,1,0
BRDA:13,1,0,0
BRDA:13,1,1,0
BRDA:21,2,0,0
BRDA:21,2,1,0
BRDA:35,3,0,0
BRDA:35,3,1,0
BRDA:44,4,0,0
BRDA:44,4,1,0
BRDA:49,5,0,0
BRDA:49,5,1,0
BRDA:54,6,0,0
BRDA:54,6,1,0
BRDA:59,7,0,0
BRDA:59,7,1,0
BRF:16
BRH:0
end_of_record
TN:
SF:lib\safe-storage.ts
FN:12,(anonymous_0)
FN:15,(anonymous_1)
FN:18,(anonymous_2)
FN:44,(anonymous_3)
FN:52,(anonymous_4)
FN:60,(anonymous_5)
FN:82,(anonymous_6)
FN:94,(anonymous_7)
FN:99,(anonymous_8)
FN:103,(anonymous_9)
FN:108,(anonymous_10)
FNF:11
FNH:0
FNDA:0,(anonymous_0)
FNDA:0,(anonymous_1)
FNDA:0,(anonymous_2)
FNDA:0,(anonymous_3)
FNDA:0,(anonymous_4)
FNDA:0,(anonymous_5)
FNDA:0,(anonymous_6)
FNDA:0,(anonymous_7)
FNDA:0,(anonymous_8)
FNDA:0,(anonymous_9)
FNDA:0,(anonymous_10)
DA:9,0
DA:11,0
DA:13,0
DA:16,0
DA:19,0
DA:23,0
DA:24,0
DA:26,0
DA:29,0
DA:31,0
DA:32,0
DA:33,0
DA:36,0
DA:39,0
DA:40,0
DA:42,0
DA:43,0
DA:45,0
DA:46,0
DA:48,0
DA:49,0
DA:53,0
DA:54,0
DA:56,0
DA:57,0
DA:61,0
DA:62,0
DA:64,0
DA:65,0
DA:69,0
DA:70,0
DA:72,0
DA:76,0
DA:77,0
DA:79,0
DA:80,0
DA:82,0
DA:83,0
DA:84,0
DA:85,0
DA:86,0
DA:87,0
DA:89,0
DA:90,0
DA:94,0
DA:95,0
DA:98,0
DA:100,0
DA:101,0
DA:104,0
DA:105,0
DA:106,0
DA:109,0
DA:110,0
DA:111,0
DA:115,0
DA:116,0
DA:118,0
DA:122,0
DA:123,0
LF:60
LH:0
BRDA:13,0,0,0
BRDA:13,0,1,0
BRDA:31,1,0,0
BRDA:31,1,1,0
BRDA:39,2,0,0
BRDA:39,2,1,0
BRDA:76,3,0,0
BRDA:76,3,1,0
BRDA:80,4,0,0
BRDA:80,4,1,0
BRDA:85,5,0,0
BRDA:85,5,1,0
BRDA:87,6,0,0
BRDA:87,6,1,0
BRDA:101,7,0,0
BRDA:101,7,1,0
BRF:16
BRH:0
end_of_record
TN:
SF:lib\safe-storage.web.ts
FN:8,(anonymous_0)
FN:14,(anonymous_1)
FN:19,(anonymous_2)
FNF:3
FNH:0
FNDA:0,(anonymous_0)
FNDA:0,(anonymous_1)
FNDA:0,(anonymous_2)
DA:7,0
DA:9,0
DA:10,0
DA:12,0
DA:15,0
DA:16,0
DA:20,0
DA:21,0
DA:26,0
DA:27,0
LF:10
LH:0
BRDA:9,0,0,0
BRDA:9,0,1,0
BRDA:9,1,0,0
BRDA:9,1,1,0
BRDA:15,2,0,0
BRDA:15,2,1,0
BRDA:15,3,0,0
BRDA:15,3,1,0
BRDA:20,4,0,0
BRDA:20,4,1,0
BRDA:20,5,0,0
BRDA:20,5,1,0
BRF:12
BRH:0
end_of_record
TN:
SF:lib\supabase.ts
FNF:0
FNH:0
DA:1,0
DA:3,0
DA:4,0
DA:6,0
DA:7,0
DA:9,0
DA:10,0
DA:13,0
LF:8
LH:0
BRDA:6,0,0,0
BRDA:6,0,1,0
BRDA:6,1,0,0
BRDA:6,1,1,0
BRDA:13,2,0,0
BRDA:13,2,1,0
BRDA:13,3,0,0
BRDA:13,3,1,0
BRF:8
BRH:0
end_of_record
TN:
SF:lib\theme.ts
FNF:0
FNH:0
DA:7,0
DA:71,0
DA:100,0
DA:114,0
DA:125,0
DA:164,0
DA:170,0
DA:186,0
LF:8
LH:0
BRF:0
BRH:0
end_of_record
TN:
SF:lib\validation.ts
FN:17,validatePhone
FN:53,validatePassword
FN:104,validateEmail
FN:132,validateName
FN:159,validateResidentId
FN:210,validateRequired
FN:226,normalizePhone
FN:234,formatPhone
FN:248,formatResidentId
FNF:9
FNH:9
FNDA:11,validatePhone
FNDA:7,validatePassword
FNDA:6,validateEmail
FNDA:4,validateName
FNDA:14,validateResidentId
FNDA:4,validateRequired
FNDA:7,normalizePhone
FNDA:3,formatPhone
FNDA:4,formatResidentId
DA:17,1
DA:18,11
DA:20,11
DA:21,1
DA:27,10
DA:28,1
DA:35,9
DA:36,9
DA:38,9
DA:39,1
DA:45,8
DA:53,1
DA:54,7
DA:55,1
DA:61,6
DA:63,6
DA:64,1
DA:71,5
DA:72,5
DA:73,1
DA:80,4
DA:81,4
DA:82,1
DA:89,3
DA:90,3
DA:91,1
DA:97,2
DA:104,1
DA:105,6
DA:106,1
DA:112,5
DA:115,5
DA:117,5
DA:118,3
DA:124,2
DA:132,1
DA:133,4
DA:134,1
DA:140,3
DA:142,3
DA:143,1
DA:149,2
DA:159,1
DA:160,14
DA:162,14
DA:163,1
DA:169,13
DA:170,1
DA:177,12
DA:178,12
DA:179,1
DA:186,11
DA:187,11
DA:189,11
DA:190,132
DA:193,11
DA:194,11
DA:196,11
DA:197,1
DA:203,10
DA:210,1
DA:211,4
DA:212,3
DA:218,1
DA:226,1
DA:227,7
DA:234,1
DA:235,3
DA:237,3
DA:238,1
DA:241,2
DA:248,1
DA:249,4
DA:251,4
DA:252,1
DA:255,3
LF:76
LH:76
BRDA:20,0,0,1
BRDA:20,0,1,10
BRDA:27,1,0,1
BRDA:27,1,1,9
BRDA:38,2,0,1
BRDA:38,2,1,8
BRDA:54,3,0,1
BRDA:54,3,1,6
BRDA:54,4,0,7
BRDA:54,4,1,6
BRDA:63,5,0,1
BRDA:63,5,1,5
BRDA:72,6,0,1
BRDA:72,6,1,4
BRDA:81,7,0,1
BRDA:81,7,1,3
BRDA:90,8,0,1
BRDA:90,8,1,2
BRDA:105,9,0,1
BRDA:105,9,1,5
BRDA:105,10,0,6
BRDA:105,10,1,5
BRDA:117,11,0,3
BRDA:117,11,1,2
BRDA:133,12,0,1
BRDA:133,12,1,3
BRDA:133,13,0,4
BRDA:133,13,1,3
BRDA:142,14,0,1
BRDA:142,14,1,2
BRDA:162,15,0,1
BRDA:162,15,1,13
BRDA:169,16,0,1
BRDA:169,16,1,12
BRDA:178,17,0,1
BRDA:178,17,1,11
BRDA:178,18,0,12
BRDA:178,18,1,11
BRDA:196,19,0,1
BRDA:196,19,1,10
BRDA:211,20,0,3
BRDA:211,20,1,1
BRDA:211,21,0,4
BRDA:211,21,1,2
BRDA:237,22,0,1
BRDA:237,22,1,2
BRDA:251,23,0,1
BRDA:251,23,1,3
BRF:48
BRH:48
end_of_record
