src/app/onboarding/layout.tsx(25,75): error TS2322: Type '{ children: Element[]; active: number; allowNextStepsSelect: false; mb: "xl"; breakpoint: string; }' is not assignable to type 'IntrinsicAttributes & StepperProps & RefAttributes<HTMLDivElement> & { component?: any; renderRoot?: ((props: Record<...>) => ReactNode) | undefined; }'.
  Property 'breakpoint' does not exist on type 'IntrinsicAttributes & StepperProps & RefAttributes<HTMLDivElement> & { component?: any; renderRoot?: ((props: Record<...>) => ReactNode) | undefined; }'.
src/app/onboarding/step2/page.tsx(122,17): error TS2322: Type 'Dispatch<SetStateAction<Date | null>>' is not assignable to type '(value: string | null) => void'.
  Types of parameters 'value' and 'value' are incompatible.
    Type 'string | null' is not assignable to type 'SetStateAction<Date | null>'.
      Type 'string' is not assignable to type 'SetStateAction<Date | null>'.
src/app/onboarding/step4/page.tsx(114,17): error TS2322: Type 'Dispatch<SetStateAction<Date | null>>' is not assignable to type '(value: string | null) => void'.
  Types of parameters 'value' and 'value' are incompatible.
    Type 'string | null' is not assignable to type 'SetStateAction<Date | null>'.
      Type 'string' is not assignable to type 'SetStateAction<Date | null>'.
